{"D:\\SQA\\SQA Project\\Implementation\\Source Code\\database.js": {"path":"D:\\SQA\\SQA Project\\Implementation\\Source Code\\database.js","statementMap":{"0":{"start":{"line":1,"column":9},"end":{"line":1,"column":22}},"1":{"start":{"line":2,"column":18},"end":{"line":2,"column":48}},"2":{"start":{"line":6,"column":11},"end":{"line":6,"column":15}},"3":{"start":{"line":9,"column":19},"end":{"line":9,"column":23}},"4":{"start":{"line":10,"column":8},"end":{"line":14,"column":10}},"5":{"start":{"line":11,"column":12},"end":{"line":11,"column":30}},"6":{"start":{"line":11,"column":21},"end":{"line":11,"column":30}},"7":{"start":{"line":12,"column":12},"end":{"line":12,"column":40}},"8":{"start":{"line":13,"column":12},"end":{"line":13,"column":40}},"9":{"start":{"line":19,"column":8},"end":{"line":19,"column":25}},"10":{"start":{"line":23,"column":16},"end":{"line":23,"column":18}},"11":{"start":{"line":24,"column":8},"end":{"line":24,"column":88}},"12":{"start":{"line":24,"column":31},"end":{"line":24,"column":88}},"13":{"start":{"line":25,"column":8},"end":{"line":25,"column":16}},"14":{"start":{"line":41,"column":8},"end":{"line":47,"column":10}},"15":{"start":{"line":42,"column":25},"end":{"line":42,"column":47}},"16":{"start":{"line":43,"column":12},"end":{"line":45,"column":14}},"17":{"start":{"line":44,"column":16},"end":{"line":44,"column":70}},"18":{"start":{"line":46,"column":12},"end":{"line":46,"column":26}},"19":{"start":{"line":51,"column":0},"end":{"line":51,"column":31}}},"fnMap":{"0":{"name":"(anonymous_0)","decl":{"start":{"line":8,"column":4},"end":{"line":8,"column":5}},"loc":{"start":{"line":8,"column":18},"end":{"line":16,"column":5}},"line":8},"1":{"name":"(anonymous_1)","decl":{"start":{"line":10,"column":88},"end":{"line":10,"column":89}},"loc":{"start":{"line":10,"column":110},"end":{"line":14,"column":9}},"line":10},"2":{"name":"(anonymous_2)","decl":{"start":{"line":18,"column":4},"end":{"line":18,"column":5}},"loc":{"start":{"line":18,"column":12},"end":{"line":20,"column":5}},"line":18},"3":{"name":"(anonymous_3)","decl":{"start":{"line":22,"column":4},"end":{"line":22,"column":5}},"loc":{"start":{"line":22,"column":17},"end":{"line":26,"column":5}},"line":22},"4":{"name":"(anonymous_4)","decl":{"start":{"line":40,"column":4},"end":{"line":40,"column":5}},"loc":{"start":{"line":40,"column":22},"end":{"line":48,"column":5}},"line":40},"5":{"name":"(anonymous_5)","decl":{"start":{"line":41,"column":48},"end":{"line":41,"column":49}},"loc":{"start":{"line":41,"column":68},"end":{"line":47,"column":9}},"line":41},"6":{"name":"(anonymous_6)","decl":{"start":{"line":43,"column":25},"end":{"line":43,"column":26}},"loc":{"start":{"line":43,"column":40},"end":{"line":45,"column":13}},"line":43}},"branchMap":{"0":{"loc":{"start":{"line":11,"column":12},"end":{"line":11,"column":30}},"type":"if","locations":[{"start":{"line":11,"column":12},"end":{"line":11,"column":30}},{"start":{"line":11,"column":12},"end":{"line":11,"column":30}}],"line":11}},"s":{"0":3,"1":3,"2":3,"3":3,"4":3,"5":3,"6":0,"7":3,"8":3,"9":36,"10":0,"11":0,"12":0,"13":0,"14":22,"15":22,"16":22,"17":152,"18":22,"19":3},"f":{"0":3,"1":3,"2":36,"3":0,"4":22,"5":22,"6":152},"b":{"0":[0,3]},"_coverageSchema":"1a1c01bbd47fc00a2c39e90264f33305004495a9","hash":"62167939593d52b7592fe8eff8fbb5c3029c3ae3"}
,"D:\\SQA\\SQA Project\\Implementation\\Source Code\\server.js": {"path":"D:\\SQA\\SQA Project\\Implementation\\Source Code\\server.js","statementMap":{"0":{"start":{"line":2,"column":14},"end":{"line":2,"column":32}},"1":{"start":{"line":3,"column":17},"end":{"line":3,"column":39}},"2":{"start":{"line":4,"column":19},"end":{"line":4,"column":43}},"3":{"start":{"line":5,"column":15},"end":{"line":5,"column":42}},"4":{"start":{"line":6,"column":10},"end":{"line":6,"column":19}},"5":{"start":{"line":7,"column":21},"end":{"line":7,"column":59}},"6":{"start":{"line":8,"column":20},"end":{"line":8,"column":61}},"7":{"start":{"line":9,"column":21},"end":{"line":9,"column":66}},"8":{"start":{"line":12,"column":0},"end":{"line":12,"column":51}},"9":{"start":{"line":13,"column":0},"end":{"line":13,"column":34}},"10":{"start":{"line":14,"column":0},"end":{"line":14,"column":23}},"11":{"start":{"line":47,"column":0},"end":{"line":47,"column":24}},"12":{"start":{"line":48,"column":0},"end":{"line":48,"column":23}},"13":{"start":{"line":49,"column":0},"end":{"line":49,"column":24}},"14":{"start":{"line":51,"column":0},"end":{"line":53,"column":2}},"15":{"start":{"line":52,"column":4},"end":{"line":52,"column":36}},"16":{"start":{"line":55,"column":0},"end":{"line":57,"column":2}},"17":{"start":{"line":56,"column":4},"end":{"line":56,"column":36}},"18":{"start":{"line":59,"column":0},"end":{"line":59,"column":17}},"19":{"start":{"line":64,"column":0},"end":{"line":64,"column":25}}},"fnMap":{"0":{"name":"(anonymous_0)","decl":{"start":{"line":51,"column":13},"end":{"line":51,"column":14}},"loc":{"start":{"line":51,"column":32},"end":{"line":53,"column":1}},"line":51},"1":{"name":"(anonymous_1)","decl":{"start":{"line":55,"column":18},"end":{"line":55,"column":19}},"loc":{"start":{"line":55,"column":37},"end":{"line":57,"column":1}},"line":55}},"branchMap":{},"s":{"0":3,"1":3,"2":3,"3":3,"4":3,"5":3,"6":3,"7":3,"8":3,"9":3,"10":3,"11":3,"12":3,"13":3,"14":3,"15":0,"16":3,"17":0,"18":3,"19":3},"f":{"0":0,"1":0},"b":{},"_coverageSchema":"1a1c01bbd47fc00a2c39e90264f33305004495a9","hash":"40ef2cad58a60472ad970d1e15c81092ee88d4f0"}
,"D:\\SQA\\SQA Project\\Implementation\\Source Code\\controller\\accountController.js": {"path":"D:\\SQA\\SQA Project\\Implementation\\Source Code\\controller\\accountController.js","statementMap":{"0":{"start":{"line":1,"column":14},"end":{"line":1,"column":32}},"1":{"start":{"line":2,"column":13},"end":{"line":2,"column":29}},"2":{"start":{"line":3,"column":15},"end":{"line":3,"column":42}},"3":{"start":{"line":4,"column":15},"end":{"line":4,"column":37}},"4":{"start":{"line":6,"column":0},"end":{"line":42,"column":2}},"5":{"start":{"line":7,"column":4},"end":{"line":41,"column":8}},"6":{"start":{"line":8,"column":18},"end":{"line":8,"column":38}},"7":{"start":{"line":10,"column":18},"end":{"line":10,"column":35}},"8":{"start":{"line":11,"column":20},"end":{"line":11,"column":34}},"9":{"start":{"line":12,"column":21},"end":{"line":12,"column":23}},"10":{"start":{"line":13,"column":23},"end":{"line":13,"column":84}},"11":{"start":{"line":14,"column":19},"end":{"line":14,"column":23}},"12":{"start":{"line":15,"column":8},"end":{"line":20,"column":9}},"13":{"start":{"line":17,"column":12},"end":{"line":17,"column":78}},"14":{"start":{"line":19,"column":12},"end":{"line":19,"column":32}},"15":{"start":{"line":21,"column":18},"end":{"line":21,"column":19}},"16":{"start":{"line":22,"column":8},"end":{"line":36,"column":10}},"17":{"start":{"line":23,"column":12},"end":{"line":34,"column":23}},"18":{"start":{"line":35,"column":12},"end":{"line":35,"column":17}},"19":{"start":{"line":37,"column":20},"end":{"line":37,"column":34}},"20":{"start":{"line":38,"column":8},"end":{"line":38,"column":46}},"21":{"start":{"line":39,"column":8},"end":{"line":39,"column":50}},"22":{"start":{"line":40,"column":8},"end":{"line":40,"column":34}},"23":{"start":{"line":44,"column":0},"end":{"line":74,"column":2}},"24":{"start":{"line":45,"column":4},"end":{"line":73,"column":8}},"25":{"start":{"line":46,"column":18},"end":{"line":46,"column":38}},"26":{"start":{"line":47,"column":18},"end":{"line":47,"column":35}},"27":{"start":{"line":48,"column":20},"end":{"line":48,"column":34}},"28":{"start":{"line":49,"column":19},"end":{"line":49,"column":23}},"29":{"start":{"line":50,"column":8},"end":{"line":55,"column":9}},"30":{"start":{"line":52,"column":12},"end":{"line":52,"column":78}},"31":{"start":{"line":54,"column":12},"end":{"line":54,"column":32}},"32":{"start":{"line":56,"column":20},"end":{"line":69,"column":9}},"33":{"start":{"line":70,"column":8},"end":{"line":70,"column":46}},"34":{"start":{"line":71,"column":8},"end":{"line":71,"column":49}},"35":{"start":{"line":72,"column":8},"end":{"line":72,"column":34}},"36":{"start":{"line":76,"column":0},"end":{"line":157,"column":2}},"37":{"start":{"line":77,"column":4},"end":{"line":156,"column":8}},"38":{"start":{"line":78,"column":22},"end":{"line":78,"column":26}},"39":{"start":{"line":79,"column":20},"end":{"line":92,"column":9}},"40":{"start":{"line":93,"column":20},"end":{"line":93,"column":53}},"41":{"start":{"line":94,"column":19},"end":{"line":94,"column":48}},"42":{"start":{"line":95,"column":24},"end":{"line":95,"column":28}},"43":{"start":{"line":97,"column":8},"end":{"line":102,"column":9}},"44":{"start":{"line":98,"column":12},"end":{"line":98,"column":80}},"45":{"start":{"line":99,"column":12},"end":{"line":99,"column":74}},"46":{"start":{"line":101,"column":12},"end":{"line":101,"column":32}},"47":{"start":{"line":104,"column":8},"end":{"line":107,"column":9}},"48":{"start":{"line":105,"column":12},"end":{"line":105,"column":86}},"49":{"start":{"line":106,"column":12},"end":{"line":106,"column":27}},"50":{"start":{"line":109,"column":8},"end":{"line":119,"column":9}},"51":{"start":{"line":110,"column":12},"end":{"line":110,"column":88}},"52":{"start":{"line":111,"column":12},"end":{"line":111,"column":27}},"53":{"start":{"line":112,"column":12},"end":{"line":112,"column":33}},"54":{"start":{"line":114,"column":12},"end":{"line":118,"column":13}},"55":{"start":{"line":115,"column":16},"end":{"line":115,"column":88}},"56":{"start":{"line":116,"column":16},"end":{"line":116,"column":31}},"57":{"start":{"line":121,"column":8},"end":{"line":126,"column":9}},"58":{"start":{"line":122,"column":12},"end":{"line":122,"column":93}},"59":{"start":{"line":123,"column":12},"end":{"line":123,"column":27}},"60":{"start":{"line":124,"column":12},"end":{"line":124,"column":33}},"61":{"start":{"line":128,"column":8},"end":{"line":150,"column":9}},"62":{"start":{"line":129,"column":29},"end":{"line":139,"column":13}},"63":{"start":{"line":140,"column":12},"end":{"line":149,"column":13}},"64":{"start":{"line":141,"column":16},"end":{"line":141,"column":82}},"65":{"start":{"line":142,"column":16},"end":{"line":142,"column":40}},"66":{"start":{"line":143,"column":16},"end":{"line":143,"column":37}},"67":{"start":{"line":145,"column":16},"end":{"line":145,"column":32}},"68":{"start":{"line":146,"column":16},"end":{"line":146,"column":54}},"69":{"start":{"line":147,"column":16},"end":{"line":147,"column":37}},"70":{"start":{"line":151,"column":8},"end":{"line":151,"column":46}},"71":{"start":{"line":152,"column":8},"end":{"line":152,"column":49}},"72":{"start":{"line":154,"column":8},"end":{"line":154,"column":34}},"73":{"start":{"line":159,"column":0},"end":{"line":190,"column":2}},"74":{"start":{"line":160,"column":4},"end":{"line":189,"column":8}},"75":{"start":{"line":161,"column":18},"end":{"line":161,"column":55}},"76":{"start":{"line":162,"column":20},"end":{"line":162,"column":34}},"77":{"start":{"line":163,"column":8},"end":{"line":163,"column":21}},"78":{"start":{"line":164,"column":8},"end":{"line":168,"column":9}},"79":{"start":{"line":165,"column":12},"end":{"line":165,"column":80}},"80":{"start":{"line":167,"column":12},"end":{"line":167,"column":32}},"81":{"start":{"line":169,"column":8},"end":{"line":172,"column":9}},"82":{"start":{"line":170,"column":12},"end":{"line":170,"column":90}},"83":{"start":{"line":171,"column":12},"end":{"line":171,"column":19}},"84":{"start":{"line":173,"column":20},"end":{"line":185,"column":9}},"85":{"start":{"line":186,"column":8},"end":{"line":186,"column":46}},"86":{"start":{"line":187,"column":8},"end":{"line":187,"column":50}},"87":{"start":{"line":188,"column":8},"end":{"line":188,"column":34}},"88":{"start":{"line":192,"column":0},"end":{"line":273,"column":2}},"89":{"start":{"line":193,"column":4},"end":{"line":272,"column":8}},"90":{"start":{"line":194,"column":22},"end":{"line":194,"column":26}},"91":{"start":{"line":195,"column":18},"end":{"line":195,"column":55}},"92":{"start":{"line":196,"column":20},"end":{"line":196,"column":34}},"93":{"start":{"line":197,"column":8},"end":{"line":197,"column":21}},"94":{"start":{"line":198,"column":8},"end":{"line":202,"column":9}},"95":{"start":{"line":199,"column":12},"end":{"line":199,"column":80}},"96":{"start":{"line":201,"column":12},"end":{"line":201,"column":32}},"97":{"start":{"line":203,"column":8},"end":{"line":206,"column":9}},"98":{"start":{"line":204,"column":12},"end":{"line":204,"column":90}},"99":{"start":{"line":205,"column":12},"end":{"line":205,"column":19}},"100":{"start":{"line":208,"column":20},"end":{"line":220,"column":9}},"101":{"start":{"line":222,"column":8},"end":{"line":239,"column":9}},"102":{"start":{"line":223,"column":12},"end":{"line":223,"column":93}},"103":{"start":{"line":224,"column":12},"end":{"line":224,"column":27}},"104":{"start":{"line":225,"column":12},"end":{"line":225,"column":33}},"105":{"start":{"line":227,"column":20},"end":{"line":227,"column":72}},"106":{"start":{"line":228,"column":12},"end":{"line":228,"column":20}},"107":{"start":{"line":229,"column":12},"end":{"line":234,"column":13}},"108":{"start":{"line":230,"column":16},"end":{"line":230,"column":76}},"109":{"start":{"line":231,"column":16},"end":{"line":231,"column":37}},"110":{"start":{"line":233,"column":16},"end":{"line":233,"column":36}},"111":{"start":{"line":235,"column":12},"end":{"line":238,"column":13}},"112":{"start":{"line":236,"column":16},"end":{"line":236,"column":127}},"113":{"start":{"line":237,"column":16},"end":{"line":237,"column":32}},"114":{"start":{"line":240,"column":8},"end":{"line":240,"column":42}},"115":{"start":{"line":241,"column":8},"end":{"line":241,"column":46}},"116":{"start":{"line":242,"column":8},"end":{"line":242,"column":44}},"117":{"start":{"line":243,"column":8},"end":{"line":243,"column":36}},"118":{"start":{"line":244,"column":8},"end":{"line":244,"column":40}},"119":{"start":{"line":245,"column":8},"end":{"line":245,"column":40}},"120":{"start":{"line":246,"column":8},"end":{"line":253,"column":9}},"121":{"start":{"line":247,"column":12},"end":{"line":252,"column":13}},"122":{"start":{"line":248,"column":16},"end":{"line":248,"column":97}},"123":{"start":{"line":249,"column":16},"end":{"line":249,"column":31}},"124":{"start":{"line":251,"column":16},"end":{"line":251,"column":55}},"125":{"start":{"line":255,"column":8},"end":{"line":268,"column":9}},"126":{"start":{"line":256,"column":12},"end":{"line":267,"column":13}},"127":{"start":{"line":257,"column":16},"end":{"line":257,"column":95}},"128":{"start":{"line":258,"column":16},"end":{"line":258,"column":39}},"129":{"start":{"line":259,"column":16},"end":{"line":259,"column":37}},"130":{"start":{"line":262,"column":16},"end":{"line":262,"column":33}},"131":{"start":{"line":265,"column":16},"end":{"line":265,"column":49}},"132":{"start":{"line":266,"column":16},"end":{"line":266,"column":23}},"133":{"start":{"line":269,"column":8},"end":{"line":269,"column":46}},"134":{"start":{"line":270,"column":8},"end":{"line":270,"column":50}},"135":{"start":{"line":271,"column":8},"end":{"line":271,"column":34}},"136":{"start":{"line":275,"column":0},"end":{"line":288,"column":2}},"137":{"start":{"line":276,"column":4},"end":{"line":287,"column":8}},"138":{"start":{"line":277,"column":18},"end":{"line":277,"column":55}},"139":{"start":{"line":278,"column":20},"end":{"line":278,"column":34}},"140":{"start":{"line":279,"column":8},"end":{"line":279,"column":21}},"141":{"start":{"line":280,"column":8},"end":{"line":285,"column":9}},"142":{"start":{"line":281,"column":12},"end":{"line":281,"column":82}},"143":{"start":{"line":283,"column":12},"end":{"line":283,"column":38}},"144":{"start":{"line":284,"column":12},"end":{"line":284,"column":19}},"145":{"start":{"line":286,"column":8},"end":{"line":286,"column":42}},"146":{"start":{"line":290,"column":0},"end":{"line":290,"column":24}}},"fnMap":{"0":{"name":"(anonymous_0)","decl":{"start":{"line":6,"column":28},"end":{"line":6,"column":29}},"loc":{"start":{"line":6,"column":48},"end":{"line":42,"column":1}},"line":6},"1":{"name":"(anonymous_1)","decl":{"start":{"line":7,"column":5},"end":{"line":7,"column":6}},"loc":{"start":{"line":7,"column":23},"end":{"line":41,"column":5}},"line":7},"2":{"name":"(anonymous_2)","decl":{"start":{"line":22,"column":23},"end":{"line":22,"column":24}},"loc":{"start":{"line":22,"column":42},"end":{"line":36,"column":9}},"line":22},"3":{"name":"(anonymous_3)","decl":{"start":{"line":44,"column":30},"end":{"line":44,"column":31}},"loc":{"start":{"line":44,"column":50},"end":{"line":74,"column":1}},"line":44},"4":{"name":"(anonymous_4)","decl":{"start":{"line":45,"column":5},"end":{"line":45,"column":6}},"loc":{"start":{"line":45,"column":23},"end":{"line":73,"column":5}},"line":45},"5":{"name":"(anonymous_5)","decl":{"start":{"line":76,"column":31},"end":{"line":76,"column":32}},"loc":{"start":{"line":76,"column":51},"end":{"line":157,"column":1}},"line":76},"6":{"name":"(anonymous_6)","decl":{"start":{"line":77,"column":5},"end":{"line":77,"column":6}},"loc":{"start":{"line":77,"column":23},"end":{"line":156,"column":5}},"line":77},"7":{"name":"(anonymous_7)","decl":{"start":{"line":159,"column":39},"end":{"line":159,"column":40}},"loc":{"start":{"line":159,"column":59},"end":{"line":190,"column":1}},"line":159},"8":{"name":"(anonymous_8)","decl":{"start":{"line":160,"column":5},"end":{"line":160,"column":6}},"loc":{"start":{"line":160,"column":23},"end":{"line":189,"column":5}},"line":160},"9":{"name":"(anonymous_9)","decl":{"start":{"line":192,"column":40},"end":{"line":192,"column":41}},"loc":{"start":{"line":192,"column":60},"end":{"line":273,"column":1}},"line":192},"10":{"name":"(anonymous_10)","decl":{"start":{"line":193,"column":5},"end":{"line":193,"column":6}},"loc":{"start":{"line":193,"column":23},"end":{"line":272,"column":5}},"line":193},"11":{"name":"(anonymous_11)","decl":{"start":{"line":275,"column":41},"end":{"line":275,"column":42}},"loc":{"start":{"line":275,"column":61},"end":{"line":288,"column":1}},"line":275},"12":{"name":"(anonymous_12)","decl":{"start":{"line":276,"column":5},"end":{"line":276,"column":6}},"loc":{"start":{"line":276,"column":23},"end":{"line":287,"column":5}},"line":276}},"branchMap":{"0":{"loc":{"start":{"line":104,"column":8},"end":{"line":107,"column":9}},"type":"if","locations":[{"start":{"line":104,"column":8},"end":{"line":107,"column":9}},{"start":{"line":104,"column":8},"end":{"line":107,"column":9}}],"line":104},"1":{"loc":{"start":{"line":109,"column":8},"end":{"line":119,"column":9}},"type":"if","locations":[{"start":{"line":109,"column":8},"end":{"line":119,"column":9}},{"start":{"line":109,"column":8},"end":{"line":119,"column":9}}],"line":109},"2":{"loc":{"start":{"line":109,"column":12},"end":{"line":109,"column":73}},"type":"binary-expr","locations":[{"start":{"line":109,"column":12},"end":{"line":109,"column":40}},{"start":{"line":109,"column":44},"end":{"line":109,"column":73}}],"line":109},"3":{"loc":{"start":{"line":114,"column":12},"end":{"line":118,"column":13}},"type":"if","locations":[{"start":{"line":114,"column":12},"end":{"line":118,"column":13}},{"start":{"line":114,"column":12},"end":{"line":118,"column":13}}],"line":114},"4":{"loc":{"start":{"line":121,"column":8},"end":{"line":126,"column":9}},"type":"if","locations":[{"start":{"line":121,"column":8},"end":{"line":126,"column":9}},{"start":{"line":121,"column":8},"end":{"line":126,"column":9}}],"line":121},"5":{"loc":{"start":{"line":121,"column":12},"end":{"line":121,"column":73}},"type":"binary-expr","locations":[{"start":{"line":121,"column":12},"end":{"line":121,"column":40}},{"start":{"line":121,"column":44},"end":{"line":121,"column":73}}],"line":121},"6":{"loc":{"start":{"line":128,"column":8},"end":{"line":150,"column":9}},"type":"if","locations":[{"start":{"line":128,"column":8},"end":{"line":150,"column":9}},{"start":{"line":128,"column":8},"end":{"line":150,"column":9}}],"line":128},"7":{"loc":{"start":{"line":169,"column":8},"end":{"line":172,"column":9}},"type":"if","locations":[{"start":{"line":169,"column":8},"end":{"line":172,"column":9}},{"start":{"line":169,"column":8},"end":{"line":172,"column":9}}],"line":169},"8":{"loc":{"start":{"line":203,"column":8},"end":{"line":206,"column":9}},"type":"if","locations":[{"start":{"line":203,"column":8},"end":{"line":206,"column":9}},{"start":{"line":203,"column":8},"end":{"line":206,"column":9}}],"line":203},"9":{"loc":{"start":{"line":222,"column":8},"end":{"line":239,"column":9}},"type":"if","locations":[{"start":{"line":222,"column":8},"end":{"line":239,"column":9}},{"start":{"line":222,"column":8},"end":{"line":239,"column":9}}],"line":222},"10":{"loc":{"start":{"line":222,"column":12},"end":{"line":222,"column":73}},"type":"binary-expr","locations":[{"start":{"line":222,"column":12},"end":{"line":222,"column":40}},{"start":{"line":222,"column":44},"end":{"line":222,"column":73}}],"line":222},"11":{"loc":{"start":{"line":235,"column":12},"end":{"line":238,"column":13}},"type":"if","locations":[{"start":{"line":235,"column":12},"end":{"line":238,"column":13}},{"start":{"line":235,"column":12},"end":{"line":238,"column":13}}],"line":235},"12":{"loc":{"start":{"line":246,"column":8},"end":{"line":253,"column":9}},"type":"if","locations":[{"start":{"line":246,"column":8},"end":{"line":253,"column":9}},{"start":{"line":246,"column":8},"end":{"line":253,"column":9}}],"line":246},"13":{"loc":{"start":{"line":247,"column":12},"end":{"line":252,"column":13}},"type":"if","locations":[{"start":{"line":247,"column":12},"end":{"line":252,"column":13}},{"start":{"line":247,"column":12},"end":{"line":252,"column":13}}],"line":247},"14":{"loc":{"start":{"line":247,"column":16},"end":{"line":247,"column":83}},"type":"binary-expr","locations":[{"start":{"line":247,"column":16},"end":{"line":247,"column":47}},{"start":{"line":247,"column":51},"end":{"line":247,"column":83}}],"line":247},"15":{"loc":{"start":{"line":255,"column":8},"end":{"line":268,"column":9}},"type":"if","locations":[{"start":{"line":255,"column":8},"end":{"line":268,"column":9}},{"start":{"line":255,"column":8},"end":{"line":268,"column":9}}],"line":255}},"s":{"0":3,"1":3,"2":3,"3":3,"4":3,"5":1,"6":1,"7":1,"8":1,"9":1,"10":1,"11":1,"12":1,"13":1,"14":0,"15":1,"16":1,"17":1,"18":1,"19":1,"20":1,"21":1,"22":1,"23":3,"24":1,"25":1,"26":1,"27":1,"28":1,"29":1,"30":1,"31":0,"32":1,"33":1,"34":1,"35":1,"36":3,"37":7,"38":7,"39":7,"40":7,"41":7,"42":7,"43":7,"44":7,"45":7,"46":0,"47":7,"48":0,"49":0,"50":7,"51":3,"52":3,"53":3,"54":4,"55":0,"56":0,"57":7,"58":3,"59":3,"60":3,"61":7,"62":1,"63":1,"64":1,"65":1,"66":1,"67":0,"68":0,"69":0,"70":7,"71":7,"72":7,"73":3,"74":1,"75":1,"76":1,"77":1,"78":1,"79":1,"80":0,"81":1,"82":0,"83":0,"84":1,"85":1,"86":1,"87":1,"88":3,"89":1,"90":1,"91":1,"92":1,"93":1,"94":1,"95":1,"96":0,"97":1,"98":0,"99":0,"100":1,"101":1,"102":0,"103":0,"104":0,"105":1,"106":1,"107":1,"108":1,"109":1,"110":0,"111":1,"112":0,"113":0,"114":1,"115":1,"116":1,"117":1,"118":1,"119":1,"120":1,"121":1,"122":0,"123":0,"124":1,"125":1,"126":1,"127":1,"128":1,"129":1,"130":0,"131":0,"132":0,"133":1,"134":1,"135":1,"136":3,"137":2,"138":2,"139":2,"140":2,"141":2,"142":2,"143":0,"144":0,"145":2,"146":3},"f":{"0":1,"1":1,"2":1,"3":1,"4":1,"5":7,"6":7,"7":1,"8":1,"9":1,"10":1,"11":2,"12":2},"b":{"0":[0,7],"1":[3,4],"2":[7,5],"3":[0,4],"4":[3,4],"5":[7,5],"6":[1,6],"7":[0,1],"8":[0,1],"9":[0,1],"10":[1,1],"11":[0,1],"12":[1,0],"13":[0,1],"14":[1,1],"15":[1,0]},"_coverageSchema":"1a1c01bbd47fc00a2c39e90264f33305004495a9","hash":"68f6ae6d5e925f29cd8608c96e392a5cf8ee1c1a"}
,"D:\\SQA\\SQA Project\\Implementation\\Source Code\\controller\\authentication.js": {"path":"D:\\SQA\\SQA Project\\Implementation\\Source Code\\controller\\authentication.js","statementMap":{"0":{"start":{"line":1,"column":14},"end":{"line":1,"column":32}},"1":{"start":{"line":2,"column":13},"end":{"line":2,"column":29}},"2":{"start":{"line":3,"column":15},"end":{"line":3,"column":42}},"3":{"start":{"line":4,"column":15},"end":{"line":4,"column":37}},"4":{"start":{"line":6,"column":0},"end":{"line":14,"column":2}},"5":{"start":{"line":7,"column":4},"end":{"line":13,"column":8}},"6":{"start":{"line":8,"column":16},"end":{"line":8,"column":49}},"7":{"start":{"line":9,"column":8},"end":{"line":9,"column":42}},"8":{"start":{"line":10,"column":8},"end":{"line":10,"column":45}},"9":{"start":{"line":12,"column":8},"end":{"line":12,"column":35}},"10":{"start":{"line":16,"column":0},"end":{"line":48,"column":2}},"11":{"start":{"line":17,"column":16},"end":{"line":17,"column":49}},"12":{"start":{"line":18,"column":12},"end":{"line":18,"column":38}},"13":{"start":{"line":19,"column":20},"end":{"line":19,"column":24}},"14":{"start":{"line":20,"column":17},"end":{"line":20,"column":21}},"15":{"start":{"line":21,"column":4},"end":{"line":25,"column":5}},"16":{"start":{"line":22,"column":8},"end":{"line":22,"column":77}},"17":{"start":{"line":24,"column":8},"end":{"line":24,"column":29}},"18":{"start":{"line":26,"column":4},"end":{"line":42,"column":5}},"19":{"start":{"line":27,"column":8},"end":{"line":27,"column":71}},"20":{"start":{"line":29,"column":21},"end":{"line":29,"column":47}},"21":{"start":{"line":30,"column":8},"end":{"line":41,"column":9}},"22":{"start":{"line":31,"column":12},"end":{"line":31,"column":68}},"23":{"start":{"line":32,"column":25},"end":{"line":32,"column":47}},"24":{"start":{"line":33,"column":12},"end":{"line":37,"column":13}},"25":{"start":{"line":34,"column":16},"end":{"line":34,"column":44}},"26":{"start":{"line":35,"column":19},"end":{"line":37,"column":13}},"27":{"start":{"line":36,"column":16},"end":{"line":36,"column":43}},"28":{"start":{"line":38,"column":12},"end":{"line":38,"column":30}},"29":{"start":{"line":40,"column":12},"end":{"line":40,"column":75}},"30":{"start":{"line":43,"column":4},"end":{"line":47,"column":5}},"31":{"start":{"line":44,"column":8},"end":{"line":44,"column":42}},"32":{"start":{"line":45,"column":8},"end":{"line":45,"column":45}},"33":{"start":{"line":46,"column":8},"end":{"line":46,"column":35}},"34":{"start":{"line":50,"column":0},"end":{"line":54,"column":2}},"35":{"start":{"line":51,"column":4},"end":{"line":51,"column":44}},"36":{"start":{"line":52,"column":4},"end":{"line":52,"column":32}},"37":{"start":{"line":53,"column":4},"end":{"line":53,"column":31}},"38":{"start":{"line":56,"column":0},"end":{"line":61,"column":2}},"39":{"start":{"line":57,"column":4},"end":{"line":57,"column":44}},"40":{"start":{"line":58,"column":4},"end":{"line":58,"column":32}},"41":{"start":{"line":60,"column":4},"end":{"line":60,"column":31}},"42":{"start":{"line":63,"column":0},"end":{"line":83,"column":2}},"43":{"start":{"line":65,"column":14},"end":{"line":65,"column":34}},"44":{"start":{"line":67,"column":14},"end":{"line":67,"column":31}},"45":{"start":{"line":68,"column":16},"end":{"line":68,"column":30}},"46":{"start":{"line":69,"column":18},"end":{"line":69,"column":22}},"47":{"start":{"line":70,"column":4},"end":{"line":74,"column":5}},"48":{"start":{"line":71,"column":8},"end":{"line":71,"column":78}},"49":{"start":{"line":73,"column":8},"end":{"line":73,"column":29}},"50":{"start":{"line":75,"column":16},"end":{"line":78,"column":5}},"51":{"start":{"line":79,"column":4},"end":{"line":79,"column":49}},"52":{"start":{"line":80,"column":4},"end":{"line":80,"column":42}},"53":{"start":{"line":82,"column":4},"end":{"line":82,"column":31}},"54":{"start":{"line":85,"column":0},"end":{"line":95,"column":2}},"55":{"start":{"line":86,"column":4},"end":{"line":94,"column":8}},"56":{"start":{"line":87,"column":20},"end":{"line":90,"column":9}},"57":{"start":{"line":91,"column":8},"end":{"line":91,"column":45}},"58":{"start":{"line":92,"column":8},"end":{"line":92,"column":47}},"59":{"start":{"line":93,"column":8},"end":{"line":93,"column":34}},"60":{"start":{"line":97,"column":0},"end":{"line":149,"column":2}},"61":{"start":{"line":98,"column":4},"end":{"line":148,"column":8}},"62":{"start":{"line":99,"column":22},"end":{"line":99,"column":26}},"63":{"start":{"line":100,"column":20},"end":{"line":103,"column":9}},"64":{"start":{"line":104,"column":20},"end":{"line":104,"column":53}},"65":{"start":{"line":105,"column":21},"end":{"line":105,"column":25}},"66":{"start":{"line":106,"column":8},"end":{"line":119,"column":9}},"67":{"start":{"line":107,"column":12},"end":{"line":107,"column":88}},"68":{"start":{"line":108,"column":12},"end":{"line":108,"column":27}},"69":{"start":{"line":110,"column":12},"end":{"line":114,"column":13}},"70":{"start":{"line":111,"column":16},"end":{"line":111,"column":84}},"71":{"start":{"line":113,"column":16},"end":{"line":113,"column":36}},"72":{"start":{"line":115,"column":12},"end":{"line":118,"column":13}},"73":{"start":{"line":116,"column":16},"end":{"line":116,"column":88}},"74":{"start":{"line":117,"column":16},"end":{"line":117,"column":31}},"75":{"start":{"line":120,"column":8},"end":{"line":123,"column":9}},"76":{"start":{"line":121,"column":12},"end":{"line":121,"column":93}},"77":{"start":{"line":122,"column":12},"end":{"line":122,"column":27}},"78":{"start":{"line":124,"column":8},"end":{"line":143,"column":9}},"79":{"start":{"line":125,"column":29},"end":{"line":135,"column":13}},"80":{"start":{"line":136,"column":12},"end":{"line":142,"column":13}},"81":{"start":{"line":137,"column":16},"end":{"line":137,"column":82}},"82":{"start":{"line":138,"column":16},"end":{"line":138,"column":39}},"83":{"start":{"line":140,"column":16},"end":{"line":140,"column":32}},"84":{"start":{"line":141,"column":16},"end":{"line":141,"column":54}},"85":{"start":{"line":144,"column":8},"end":{"line":144,"column":45}},"86":{"start":{"line":145,"column":8},"end":{"line":145,"column":47}},"87":{"start":{"line":147,"column":8},"end":{"line":147,"column":34}},"88":{"start":{"line":151,"column":0},"end":{"line":182,"column":2}},"89":{"start":{"line":152,"column":14},"end":{"line":152,"column":34}},"90":{"start":{"line":153,"column":14},"end":{"line":153,"column":31}},"91":{"start":{"line":154,"column":16},"end":{"line":154,"column":30}},"92":{"start":{"line":155,"column":4},"end":{"line":155,"column":19}},"93":{"start":{"line":156,"column":4},"end":{"line":160,"column":5}},"94":{"start":{"line":157,"column":8},"end":{"line":157,"column":78}},"95":{"start":{"line":159,"column":8},"end":{"line":159,"column":29}},"96":{"start":{"line":162,"column":12},"end":{"line":173,"column":5}},"97":{"start":{"line":174,"column":4},"end":{"line":174,"column":38}},"98":{"start":{"line":175,"column":17},"end":{"line":175,"column":37}},"99":{"start":{"line":176,"column":4},"end":{"line":180,"column":5}},"100":{"start":{"line":177,"column":8},"end":{"line":177,"column":53}},"101":{"start":{"line":178,"column":11},"end":{"line":180,"column":5}},"102":{"start":{"line":179,"column":8},"end":{"line":179,"column":47}},"103":{"start":{"line":181,"column":4},"end":{"line":181,"column":31}},"104":{"start":{"line":184,"column":0},"end":{"line":274,"column":2}},"105":{"start":{"line":185,"column":18},"end":{"line":185,"column":22}},"106":{"start":{"line":186,"column":14},"end":{"line":186,"column":34}},"107":{"start":{"line":187,"column":14},"end":{"line":187,"column":31}},"108":{"start":{"line":188,"column":16},"end":{"line":188,"column":30}},"109":{"start":{"line":189,"column":4},"end":{"line":189,"column":19}},"110":{"start":{"line":190,"column":4},"end":{"line":194,"column":5}},"111":{"start":{"line":191,"column":8},"end":{"line":191,"column":78}},"112":{"start":{"line":193,"column":8},"end":{"line":193,"column":29}},"113":{"start":{"line":195,"column":4},"end":{"line":198,"column":5}},"114":{"start":{"line":196,"column":8},"end":{"line":196,"column":64}},"115":{"start":{"line":197,"column":8},"end":{"line":197,"column":15}},"116":{"start":{"line":200,"column":16},"end":{"line":211,"column":5}},"117":{"start":{"line":223,"column":4},"end":{"line":238,"column":5}},"118":{"start":{"line":224,"column":8},"end":{"line":224,"column":89}},"119":{"start":{"line":225,"column":8},"end":{"line":225,"column":24}},"120":{"start":{"line":227,"column":20},"end":{"line":227,"column":72}},"121":{"start":{"line":228,"column":8},"end":{"line":228,"column":22}},"122":{"start":{"line":229,"column":8},"end":{"line":233,"column":9}},"123":{"start":{"line":230,"column":12},"end":{"line":230,"column":81}},"124":{"start":{"line":232,"column":12},"end":{"line":232,"column":33}},"125":{"start":{"line":234,"column":8},"end":{"line":237,"column":9}},"126":{"start":{"line":235,"column":12},"end":{"line":235,"column":123}},"127":{"start":{"line":236,"column":12},"end":{"line":236,"column":28}},"128":{"start":{"line":239,"column":4},"end":{"line":239,"column":44}},"129":{"start":{"line":240,"column":4},"end":{"line":240,"column":38}},"130":{"start":{"line":241,"column":4},"end":{"line":249,"column":5}},"131":{"start":{"line":242,"column":8},"end":{"line":248,"column":9}},"132":{"start":{"line":243,"column":12},"end":{"line":243,"column":93}},"133":{"start":{"line":244,"column":12},"end":{"line":244,"column":28}},"134":{"start":{"line":246,"column":25},"end":{"line":246,"column":45}},"135":{"start":{"line":247,"column":12},"end":{"line":247,"column":41}},"136":{"start":{"line":251,"column":4},"end":{"line":253,"column":5}},"137":{"start":{"line":252,"column":8},"end":{"line":252,"column":24}},"138":{"start":{"line":255,"column":4},"end":{"line":264,"column":5}},"139":{"start":{"line":256,"column":20},"end":{"line":256,"column":34}},"140":{"start":{"line":257,"column":8},"end":{"line":263,"column":9}},"141":{"start":{"line":258,"column":27},"end":{"line":258,"column":107}},"142":{"start":{"line":260,"column":12},"end":{"line":260,"column":28}},"143":{"start":{"line":261,"column":12},"end":{"line":261,"column":45}},"144":{"start":{"line":262,"column":12},"end":{"line":262,"column":19}},"145":{"start":{"line":266,"column":4},"end":{"line":266,"column":42}},"146":{"start":{"line":267,"column":17},"end":{"line":267,"column":37}},"147":{"start":{"line":268,"column":4},"end":{"line":272,"column":5}},"148":{"start":{"line":269,"column":8},"end":{"line":269,"column":53}},"149":{"start":{"line":270,"column":11},"end":{"line":272,"column":5}},"150":{"start":{"line":271,"column":8},"end":{"line":271,"column":47}},"151":{"start":{"line":273,"column":4},"end":{"line":273,"column":30}},"152":{"start":{"line":276,"column":0},"end":{"line":279,"column":2}},"153":{"start":{"line":277,"column":4},"end":{"line":277,"column":28}},"154":{"start":{"line":278,"column":4},"end":{"line":278,"column":35}},"155":{"start":{"line":281,"column":0},"end":{"line":281,"column":23}}},"fnMap":{"0":{"name":"(anonymous_0)","decl":{"start":{"line":6,"column":21},"end":{"line":6,"column":22}},"loc":{"start":{"line":6,"column":40},"end":{"line":14,"column":1}},"line":6},"1":{"name":"(anonymous_1)","decl":{"start":{"line":7,"column":5},"end":{"line":7,"column":6}},"loc":{"start":{"line":7,"column":22},"end":{"line":13,"column":5}},"line":7},"2":{"name":"(anonymous_2)","decl":{"start":{"line":16,"column":22},"end":{"line":16,"column":23}},"loc":{"start":{"line":16,"column":47},"end":{"line":48,"column":1}},"line":16},"3":{"name":"(anonymous_3)","decl":{"start":{"line":50,"column":25},"end":{"line":50,"column":26}},"loc":{"start":{"line":50,"column":50},"end":{"line":54,"column":1}},"line":50},"4":{"name":"(anonymous_4)","decl":{"start":{"line":56,"column":21},"end":{"line":56,"column":22}},"loc":{"start":{"line":56,"column":46},"end":{"line":61,"column":1}},"line":56},"5":{"name":"(anonymous_5)","decl":{"start":{"line":63,"column":20},"end":{"line":63,"column":21}},"loc":{"start":{"line":63,"column":45},"end":{"line":83,"column":1}},"line":63},"6":{"name":"(anonymous_6)","decl":{"start":{"line":85,"column":23},"end":{"line":85,"column":24}},"loc":{"start":{"line":85,"column":42},"end":{"line":95,"column":1}},"line":85},"7":{"name":"(anonymous_7)","decl":{"start":{"line":86,"column":5},"end":{"line":86,"column":6}},"loc":{"start":{"line":86,"column":22},"end":{"line":94,"column":5}},"line":86},"8":{"name":"(anonymous_8)","decl":{"start":{"line":97,"column":24},"end":{"line":97,"column":25}},"loc":{"start":{"line":97,"column":43},"end":{"line":149,"column":1}},"line":97},"9":{"name":"(anonymous_9)","decl":{"start":{"line":98,"column":5},"end":{"line":98,"column":6}},"loc":{"start":{"line":98,"column":22},"end":{"line":148,"column":5}},"line":98},"10":{"name":"(anonymous_10)","decl":{"start":{"line":151,"column":23},"end":{"line":151,"column":24}},"loc":{"start":{"line":151,"column":48},"end":{"line":182,"column":1}},"line":151},"11":{"name":"(anonymous_11)","decl":{"start":{"line":184,"column":24},"end":{"line":184,"column":25}},"loc":{"start":{"line":184,"column":49},"end":{"line":274,"column":1}},"line":184},"12":{"name":"(anonymous_12)","decl":{"start":{"line":276,"column":24},"end":{"line":276,"column":25}},"loc":{"start":{"line":276,"column":43},"end":{"line":279,"column":1}},"line":276}},"branchMap":{"0":{"loc":{"start":{"line":26,"column":4},"end":{"line":42,"column":5}},"type":"if","locations":[{"start":{"line":26,"column":4},"end":{"line":42,"column":5}},{"start":{"line":26,"column":4},"end":{"line":42,"column":5}}],"line":26},"1":{"loc":{"start":{"line":30,"column":8},"end":{"line":41,"column":9}},"type":"if","locations":[{"start":{"line":30,"column":8},"end":{"line":41,"column":9}},{"start":{"line":30,"column":8},"end":{"line":41,"column":9}}],"line":30},"2":{"loc":{"start":{"line":33,"column":12},"end":{"line":37,"column":13}},"type":"if","locations":[{"start":{"line":33,"column":12},"end":{"line":37,"column":13}},{"start":{"line":33,"column":12},"end":{"line":37,"column":13}}],"line":33},"3":{"loc":{"start":{"line":35,"column":19},"end":{"line":37,"column":13}},"type":"if","locations":[{"start":{"line":35,"column":19},"end":{"line":37,"column":13}},{"start":{"line":35,"column":19},"end":{"line":37,"column":13}}],"line":35},"4":{"loc":{"start":{"line":43,"column":4},"end":{"line":47,"column":5}},"type":"if","locations":[{"start":{"line":43,"column":4},"end":{"line":47,"column":5}},{"start":{"line":43,"column":4},"end":{"line":47,"column":5}}],"line":43},"5":{"loc":{"start":{"line":106,"column":8},"end":{"line":119,"column":9}},"type":"if","locations":[{"start":{"line":106,"column":8},"end":{"line":119,"column":9}},{"start":{"line":106,"column":8},"end":{"line":119,"column":9}}],"line":106},"6":{"loc":{"start":{"line":106,"column":12},"end":{"line":106,"column":73}},"type":"binary-expr","locations":[{"start":{"line":106,"column":12},"end":{"line":106,"column":40}},{"start":{"line":106,"column":44},"end":{"line":106,"column":73}}],"line":106},"7":{"loc":{"start":{"line":115,"column":12},"end":{"line":118,"column":13}},"type":"if","locations":[{"start":{"line":115,"column":12},"end":{"line":118,"column":13}},{"start":{"line":115,"column":12},"end":{"line":118,"column":13}}],"line":115},"8":{"loc":{"start":{"line":120,"column":8},"end":{"line":123,"column":9}},"type":"if","locations":[{"start":{"line":120,"column":8},"end":{"line":123,"column":9}},{"start":{"line":120,"column":8},"end":{"line":123,"column":9}}],"line":120},"9":{"loc":{"start":{"line":120,"column":12},"end":{"line":120,"column":73}},"type":"binary-expr","locations":[{"start":{"line":120,"column":12},"end":{"line":120,"column":40}},{"start":{"line":120,"column":44},"end":{"line":120,"column":73}}],"line":120},"10":{"loc":{"start":{"line":124,"column":8},"end":{"line":143,"column":9}},"type":"if","locations":[{"start":{"line":124,"column":8},"end":{"line":143,"column":9}},{"start":{"line":124,"column":8},"end":{"line":143,"column":9}}],"line":124},"11":{"loc":{"start":{"line":176,"column":4},"end":{"line":180,"column":5}},"type":"if","locations":[{"start":{"line":176,"column":4},"end":{"line":180,"column":5}},{"start":{"line":176,"column":4},"end":{"line":180,"column":5}}],"line":176},"12":{"loc":{"start":{"line":178,"column":11},"end":{"line":180,"column":5}},"type":"if","locations":[{"start":{"line":178,"column":11},"end":{"line":180,"column":5}},{"start":{"line":178,"column":11},"end":{"line":180,"column":5}}],"line":178},"13":{"loc":{"start":{"line":195,"column":4},"end":{"line":198,"column":5}},"type":"if","locations":[{"start":{"line":195,"column":4},"end":{"line":198,"column":5}},{"start":{"line":195,"column":4},"end":{"line":198,"column":5}}],"line":195},"14":{"loc":{"start":{"line":223,"column":4},"end":{"line":238,"column":5}},"type":"if","locations":[{"start":{"line":223,"column":4},"end":{"line":238,"column":5}},{"start":{"line":223,"column":4},"end":{"line":238,"column":5}}],"line":223},"15":{"loc":{"start":{"line":223,"column":8},"end":{"line":223,"column":69}},"type":"binary-expr","locations":[{"start":{"line":223,"column":8},"end":{"line":223,"column":36}},{"start":{"line":223,"column":40},"end":{"line":223,"column":69}}],"line":223},"16":{"loc":{"start":{"line":234,"column":8},"end":{"line":237,"column":9}},"type":"if","locations":[{"start":{"line":234,"column":8},"end":{"line":237,"column":9}},{"start":{"line":234,"column":8},"end":{"line":237,"column":9}}],"line":234},"17":{"loc":{"start":{"line":241,"column":4},"end":{"line":249,"column":5}},"type":"if","locations":[{"start":{"line":241,"column":4},"end":{"line":249,"column":5}},{"start":{"line":241,"column":4},"end":{"line":249,"column":5}}],"line":241},"18":{"loc":{"start":{"line":242,"column":8},"end":{"line":248,"column":9}},"type":"if","locations":[{"start":{"line":242,"column":8},"end":{"line":248,"column":9}},{"start":{"line":242,"column":8},"end":{"line":248,"column":9}}],"line":242},"19":{"loc":{"start":{"line":242,"column":12},"end":{"line":242,"column":79}},"type":"binary-expr","locations":[{"start":{"line":242,"column":12},"end":{"line":242,"column":43}},{"start":{"line":242,"column":47},"end":{"line":242,"column":79}}],"line":242},"20":{"loc":{"start":{"line":251,"column":4},"end":{"line":253,"column":5}},"type":"if","locations":[{"start":{"line":251,"column":4},"end":{"line":253,"column":5}},{"start":{"line":251,"column":4},"end":{"line":253,"column":5}}],"line":251},"21":{"loc":{"start":{"line":255,"column":4},"end":{"line":264,"column":5}},"type":"if","locations":[{"start":{"line":255,"column":4},"end":{"line":264,"column":5}},{"start":{"line":255,"column":4},"end":{"line":264,"column":5}}],"line":255},"22":{"loc":{"start":{"line":268,"column":4},"end":{"line":272,"column":5}},"type":"if","locations":[{"start":{"line":268,"column":4},"end":{"line":272,"column":5}},{"start":{"line":268,"column":4},"end":{"line":272,"column":5}}],"line":268},"23":{"loc":{"start":{"line":270,"column":11},"end":{"line":272,"column":5}},"type":"if","locations":[{"start":{"line":270,"column":11},"end":{"line":272,"column":5}},{"start":{"line":270,"column":11},"end":{"line":272,"column":5}}],"line":270}},"s":{"0":3,"1":3,"2":3,"3":3,"4":3,"5":1,"6":1,"7":1,"8":1,"9":1,"10":3,"11":2,"12":2,"13":2,"14":2,"15":2,"16":2,"17":0,"18":2,"19":2,"20":0,"21":0,"22":0,"23":0,"24":0,"25":0,"26":0,"27":0,"28":0,"29":0,"30":2,"31":2,"32":2,"33":2,"34":3,"35":1,"36":1,"37":1,"38":3,"39":1,"40":1,"41":1,"42":3,"43":0,"44":0,"45":0,"46":0,"47":0,"48":0,"49":0,"50":0,"51":0,"52":0,"53":0,"54":3,"55":1,"56":1,"57":1,"58":1,"59":1,"60":3,"61":0,"62":0,"63":0,"64":0,"65":0,"66":0,"67":0,"68":0,"69":0,"70":0,"71":0,"72":0,"73":0,"74":0,"75":0,"76":0,"77":0,"78":0,"79":0,"80":0,"81":0,"82":0,"83":0,"84":0,"85":0,"86":0,"87":0,"88":3,"89":0,"90":0,"91":0,"92":0,"93":0,"94":0,"95":0,"96":0,"97":0,"98":0,"99":0,"100":0,"101":0,"102":0,"103":0,"104":3,"105":0,"106":0,"107":0,"108":0,"109":0,"110":0,"111":0,"112":0,"113":0,"114":0,"115":0,"116":0,"117":0,"118":0,"119":0,"120":0,"121":0,"122":0,"123":0,"124":0,"125":0,"126":0,"127":0,"128":0,"129":0,"130":0,"131":0,"132":0,"133":0,"134":0,"135":0,"136":0,"137":0,"138":0,"139":0,"140":0,"141":0,"142":0,"143":0,"144":0,"145":0,"146":0,"147":0,"148":0,"149":0,"150":0,"151":0,"152":3,"153":1,"154":1,"155":3},"f":{"0":1,"1":1,"2":2,"3":1,"4":1,"5":0,"6":1,"7":1,"8":0,"9":0,"10":0,"11":0,"12":1},"b":{"0":[2,0],"1":[0,0],"2":[0,0],"3":[0,0],"4":[2,0],"5":[0,0],"6":[0,0],"7":[0,0],"8":[0,0],"9":[0,0],"10":[0,0],"11":[0,0],"12":[0,0],"13":[0,0],"14":[0,0],"15":[0,0],"16":[0,0],"17":[0,0],"18":[0,0],"19":[0,0],"20":[0,0],"21":[0,0],"22":[0,0],"23":[0,0]},"_coverageSchema":"1a1c01bbd47fc00a2c39e90264f33305004495a9","hash":"7106272edcd39fa7c2067e537d4d7d9f4e8ba4d9"}
,"D:\\SQA\\SQA Project\\Implementation\\Source Code\\controller\\transactionController.js": {"path":"D:\\SQA\\SQA Project\\Implementation\\Source Code\\controller\\transactionController.js","statementMap":{"0":{"start":{"line":1,"column":14},"end":{"line":1,"column":32}},"1":{"start":{"line":2,"column":13},"end":{"line":2,"column":29}},"2":{"start":{"line":3,"column":15},"end":{"line":3,"column":42}},"3":{"start":{"line":4,"column":15},"end":{"line":4,"column":37}},"4":{"start":{"line":6,"column":0},"end":{"line":37,"column":2}},"5":{"start":{"line":7,"column":4},"end":{"line":36,"column":8}},"6":{"start":{"line":8,"column":21},"end":{"line":8,"column":23}},"7":{"start":{"line":9,"column":23},"end":{"line":9,"column":88}},"8":{"start":{"line":10,"column":18},"end":{"line":10,"column":19}},"9":{"start":{"line":11,"column":8},"end":{"line":30,"column":10}},"10":{"start":{"line":12,"column":23},"end":{"line":12,"column":52}},"11":{"start":{"line":13,"column":33},"end":{"line":14,"column":87}},"12":{"start":{"line":16,"column":12},"end":{"line":28,"column":23}},"13":{"start":{"line":29,"column":12},"end":{"line":29,"column":17}},"14":{"start":{"line":31,"column":20},"end":{"line":31,"column":34}},"15":{"start":{"line":32,"column":8},"end":{"line":32,"column":45}},"16":{"start":{"line":33,"column":8},"end":{"line":33,"column":54}},"17":{"start":{"line":35,"column":8},"end":{"line":35,"column":34}},"18":{"start":{"line":39,"column":0},"end":{"line":53,"column":2}},"19":{"start":{"line":40,"column":4},"end":{"line":52,"column":8}},"20":{"start":{"line":41,"column":20},"end":{"line":48,"column":9}},"21":{"start":{"line":49,"column":8},"end":{"line":49,"column":45}},"22":{"start":{"line":50,"column":8},"end":{"line":50,"column":53}},"23":{"start":{"line":51,"column":8},"end":{"line":51,"column":34}},"24":{"start":{"line":55,"column":0},"end":{"line":91,"column":2}},"25":{"start":{"line":56,"column":4},"end":{"line":90,"column":8}},"26":{"start":{"line":57,"column":20},"end":{"line":64,"column":9}},"27":{"start":{"line":66,"column":29},"end":{"line":75,"column":9}},"28":{"start":{"line":76,"column":8},"end":{"line":83,"column":9}},"29":{"start":{"line":77,"column":12},"end":{"line":77,"column":86}},"30":{"start":{"line":78,"column":12},"end":{"line":78,"column":33}},"31":{"start":{"line":80,"column":12},"end":{"line":80,"column":28}},"32":{"start":{"line":81,"column":12},"end":{"line":81,"column":51}},"33":{"start":{"line":82,"column":12},"end":{"line":82,"column":33}},"34":{"start":{"line":86,"column":8},"end":{"line":86,"column":45}},"35":{"start":{"line":87,"column":8},"end":{"line":87,"column":53}},"36":{"start":{"line":88,"column":8},"end":{"line":88,"column":34}},"37":{"start":{"line":93,"column":0},"end":{"line":121,"column":2}},"38":{"start":{"line":94,"column":4},"end":{"line":120,"column":8}},"39":{"start":{"line":95,"column":18},"end":{"line":95,"column":59}},"40":{"start":{"line":96,"column":20},"end":{"line":96,"column":34}},"41":{"start":{"line":97,"column":8},"end":{"line":97,"column":21}},"42":{"start":{"line":98,"column":8},"end":{"line":102,"column":9}},"43":{"start":{"line":99,"column":12},"end":{"line":99,"column":84}},"44":{"start":{"line":101,"column":12},"end":{"line":101,"column":32}},"45":{"start":{"line":103,"column":8},"end":{"line":107,"column":9}},"46":{"start":{"line":104,"column":12},"end":{"line":104,"column":99}},"47":{"start":{"line":105,"column":12},"end":{"line":105,"column":33}},"48":{"start":{"line":106,"column":12},"end":{"line":106,"column":19}},"49":{"start":{"line":108,"column":20},"end":{"line":115,"column":9}},"50":{"start":{"line":116,"column":8},"end":{"line":116,"column":45}},"51":{"start":{"line":117,"column":8},"end":{"line":117,"column":54}},"52":{"start":{"line":119,"column":8},"end":{"line":119,"column":34}},"53":{"start":{"line":123,"column":0},"end":{"line":167,"column":2}},"54":{"start":{"line":124,"column":4},"end":{"line":166,"column":8}},"55":{"start":{"line":125,"column":22},"end":{"line":125,"column":26}},"56":{"start":{"line":126,"column":18},"end":{"line":126,"column":59}},"57":{"start":{"line":127,"column":20},"end":{"line":127,"column":34}},"58":{"start":{"line":128,"column":8},"end":{"line":128,"column":21}},"59":{"start":{"line":129,"column":8},"end":{"line":133,"column":9}},"60":{"start":{"line":130,"column":12},"end":{"line":130,"column":84}},"61":{"start":{"line":132,"column":12},"end":{"line":132,"column":32}},"62":{"start":{"line":134,"column":8},"end":{"line":137,"column":9}},"63":{"start":{"line":135,"column":12},"end":{"line":135,"column":98}},"64":{"start":{"line":136,"column":12},"end":{"line":136,"column":19}},"65":{"start":{"line":139,"column":20},"end":{"line":146,"column":9}},"66":{"start":{"line":148,"column":8},"end":{"line":148,"column":53}},"67":{"start":{"line":149,"column":8},"end":{"line":149,"column":56}},"68":{"start":{"line":150,"column":8},"end":{"line":150,"column":47}},"69":{"start":{"line":151,"column":8},"end":{"line":151,"column":50}},"70":{"start":{"line":152,"column":8},"end":{"line":152,"column":42}},"71":{"start":{"line":154,"column":8},"end":{"line":162,"column":9}},"72":{"start":{"line":155,"column":12},"end":{"line":161,"column":13}},"73":{"start":{"line":156,"column":26},"end":{"line":156,"column":109}},"74":{"start":{"line":158,"column":16},"end":{"line":158,"column":32}},"75":{"start":{"line":159,"column":16},"end":{"line":159,"column":49}},"76":{"start":{"line":160,"column":16},"end":{"line":160,"column":23}},"77":{"start":{"line":163,"column":8},"end":{"line":163,"column":45}},"78":{"start":{"line":164,"column":8},"end":{"line":164,"column":54}},"79":{"start":{"line":165,"column":8},"end":{"line":165,"column":34}},"80":{"start":{"line":169,"column":0},"end":{"line":182,"column":2}},"81":{"start":{"line":170,"column":4},"end":{"line":181,"column":8}},"82":{"start":{"line":171,"column":18},"end":{"line":171,"column":59}},"83":{"start":{"line":172,"column":20},"end":{"line":172,"column":34}},"84":{"start":{"line":173,"column":8},"end":{"line":173,"column":21}},"85":{"start":{"line":174,"column":8},"end":{"line":179,"column":9}},"86":{"start":{"line":175,"column":12},"end":{"line":175,"column":86}},"87":{"start":{"line":177,"column":12},"end":{"line":177,"column":38}},"88":{"start":{"line":178,"column":12},"end":{"line":178,"column":19}},"89":{"start":{"line":180,"column":8},"end":{"line":180,"column":46}},"90":{"start":{"line":184,"column":0},"end":{"line":236,"column":2}},"91":{"start":{"line":185,"column":4},"end":{"line":235,"column":8}},"92":{"start":{"line":186,"column":18},"end":{"line":186,"column":38}},"93":{"start":{"line":187,"column":18},"end":{"line":187,"column":35}},"94":{"start":{"line":188,"column":20},"end":{"line":188,"column":34}},"95":{"start":{"line":189,"column":22},"end":{"line":189,"column":26}},"96":{"start":{"line":190,"column":8},"end":{"line":194,"column":9}},"97":{"start":{"line":191,"column":12},"end":{"line":191,"column":82}},"98":{"start":{"line":193,"column":12},"end":{"line":193,"column":33}},"99":{"start":{"line":195,"column":20},"end":{"line":195,"column":57}},"100":{"start":{"line":196,"column":21},"end":{"line":196,"column":25}},"101":{"start":{"line":197,"column":21},"end":{"line":197,"column":23}},"102":{"start":{"line":198,"column":8},"end":{"line":202,"column":9}},"103":{"start":{"line":199,"column":12},"end":{"line":199,"column":91}},"104":{"start":{"line":201,"column":12},"end":{"line":201,"column":33}},"105":{"start":{"line":204,"column":8},"end":{"line":206,"column":9}},"106":{"start":{"line":205,"column":12},"end":{"line":205,"column":61}},"107":{"start":{"line":208,"column":18},"end":{"line":208,"column":19}},"108":{"start":{"line":209,"column":8},"end":{"line":226,"column":10}},"109":{"start":{"line":210,"column":23},"end":{"line":210,"column":52}},"110":{"start":{"line":211,"column":33},"end":{"line":212,"column":87}},"111":{"start":{"line":214,"column":12},"end":{"line":224,"column":23}},"112":{"start":{"line":225,"column":12},"end":{"line":225,"column":17}},"113":{"start":{"line":227,"column":20},"end":{"line":231,"column":9}},"114":{"start":{"line":232,"column":8},"end":{"line":232,"column":45}},"115":{"start":{"line":233,"column":8},"end":{"line":233,"column":54}},"116":{"start":{"line":234,"column":8},"end":{"line":234,"column":34}},"117":{"start":{"line":238,"column":0},"end":{"line":257,"column":2}},"118":{"start":{"line":239,"column":14},"end":{"line":239,"column":34}},"119":{"start":{"line":240,"column":14},"end":{"line":240,"column":31}},"120":{"start":{"line":241,"column":16},"end":{"line":241,"column":30}},"121":{"start":{"line":242,"column":18},"end":{"line":242,"column":22}},"122":{"start":{"line":243,"column":4},"end":{"line":247,"column":5}},"123":{"start":{"line":244,"column":8},"end":{"line":244,"column":78}},"124":{"start":{"line":246,"column":8},"end":{"line":246,"column":29}},"125":{"start":{"line":248,"column":16},"end":{"line":253,"column":5}},"126":{"start":{"line":254,"column":4},"end":{"line":254,"column":41}},"127":{"start":{"line":255,"column":4},"end":{"line":255,"column":47}},"128":{"start":{"line":256,"column":4},"end":{"line":256,"column":30}},"129":{"start":{"line":259,"column":0},"end":{"line":332,"column":2}},"130":{"start":{"line":260,"column":18},"end":{"line":260,"column":38}},"131":{"start":{"line":261,"column":14},"end":{"line":261,"column":35}},"132":{"start":{"line":262,"column":25},"end":{"line":262,"column":38}},"133":{"start":{"line":263,"column":16},"end":{"line":263,"column":20}},"134":{"start":{"line":264,"column":19},"end":{"line":264,"column":23}},"135":{"start":{"line":265,"column":18},"end":{"line":265,"column":22}},"136":{"start":{"line":267,"column":4},"end":{"line":272,"column":5}},"137":{"start":{"line":268,"column":8},"end":{"line":268,"column":85}},"138":{"start":{"line":269,"column":8},"end":{"line":269,"column":102}},"139":{"start":{"line":271,"column":8},"end":{"line":271,"column":29}},"140":{"start":{"line":274,"column":16},"end":{"line":279,"column":5}},"141":{"start":{"line":281,"column":4},"end":{"line":285,"column":5}},"142":{"start":{"line":282,"column":8},"end":{"line":282,"column":39}},"143":{"start":{"line":283,"column":8},"end":{"line":283,"column":23}},"144":{"start":{"line":284,"column":8},"end":{"line":284,"column":14}},"145":{"start":{"line":287,"column":4},"end":{"line":293,"column":5}},"146":{"start":{"line":288,"column":8},"end":{"line":288,"column":64}},"147":{"start":{"line":289,"column":8},"end":{"line":289,"column":15}},"148":{"start":{"line":290,"column":11},"end":{"line":293,"column":5}},"149":{"start":{"line":291,"column":8},"end":{"line":291,"column":76}},"150":{"start":{"line":292,"column":8},"end":{"line":292,"column":15}},"151":{"start":{"line":295,"column":17},"end":{"line":295,"column":44}},"152":{"start":{"line":296,"column":23},"end":{"line":296,"column":51}},"153":{"start":{"line":297,"column":26},"end":{"line":297,"column":57}},"154":{"start":{"line":299,"column":4},"end":{"line":302,"column":5}},"155":{"start":{"line":300,"column":8},"end":{"line":300,"column":40}},"156":{"start":{"line":301,"column":8},"end":{"line":301,"column":24}},"157":{"start":{"line":304,"column":4},"end":{"line":307,"column":5}},"158":{"start":{"line":305,"column":8},"end":{"line":305,"column":55}},"159":{"start":{"line":306,"column":8},"end":{"line":306,"column":49}},"160":{"start":{"line":309,"column":25},"end":{"line":318,"column":5}},"161":{"start":{"line":320,"column":4},"end":{"line":327,"column":5}},"162":{"start":{"line":321,"column":8},"end":{"line":321,"column":82}},"163":{"start":{"line":322,"column":8},"end":{"line":322,"column":95}},"164":{"start":{"line":323,"column":8},"end":{"line":323,"column":112}},"165":{"start":{"line":325,"column":8},"end":{"line":325,"column":24}},"166":{"start":{"line":326,"column":8},"end":{"line":326,"column":46}},"167":{"start":{"line":329,"column":4},"end":{"line":329,"column":42}},"168":{"start":{"line":330,"column":4},"end":{"line":330,"column":47}},"169":{"start":{"line":331,"column":4},"end":{"line":331,"column":30}},"170":{"start":{"line":334,"column":0},"end":{"line":334,"column":23}}},"fnMap":{"0":{"name":"(anonymous_0)","decl":{"start":{"line":6,"column":32},"end":{"line":6,"column":33}},"loc":{"start":{"line":6,"column":51},"end":{"line":37,"column":1}},"line":6},"1":{"name":"(anonymous_1)","decl":{"start":{"line":7,"column":5},"end":{"line":7,"column":6}},"loc":{"start":{"line":7,"column":22},"end":{"line":36,"column":5}},"line":7},"2":{"name":"(anonymous_2)","decl":{"start":{"line":11,"column":23},"end":{"line":11,"column":24}},"loc":{"start":{"line":11,"column":45},"end":{"line":30,"column":9}},"line":11},"3":{"name":"(anonymous_3)","decl":{"start":{"line":39,"column":34},"end":{"line":39,"column":35}},"loc":{"start":{"line":39,"column":53},"end":{"line":53,"column":1}},"line":39},"4":{"name":"(anonymous_4)","decl":{"start":{"line":40,"column":5},"end":{"line":40,"column":6}},"loc":{"start":{"line":40,"column":22},"end":{"line":52,"column":5}},"line":40},"5":{"name":"(anonymous_5)","decl":{"start":{"line":55,"column":35},"end":{"line":55,"column":36}},"loc":{"start":{"line":55,"column":54},"end":{"line":91,"column":1}},"line":55},"6":{"name":"(anonymous_6)","decl":{"start":{"line":56,"column":5},"end":{"line":56,"column":6}},"loc":{"start":{"line":56,"column":22},"end":{"line":90,"column":5}},"line":56},"7":{"name":"(anonymous_7)","decl":{"start":{"line":93,"column":47},"end":{"line":93,"column":48}},"loc":{"start":{"line":93,"column":66},"end":{"line":121,"column":1}},"line":93},"8":{"name":"(anonymous_8)","decl":{"start":{"line":94,"column":5},"end":{"line":94,"column":6}},"loc":{"start":{"line":94,"column":22},"end":{"line":120,"column":5}},"line":94},"9":{"name":"(anonymous_9)","decl":{"start":{"line":123,"column":48},"end":{"line":123,"column":49}},"loc":{"start":{"line":123,"column":67},"end":{"line":167,"column":1}},"line":123},"10":{"name":"(anonymous_10)","decl":{"start":{"line":124,"column":5},"end":{"line":124,"column":6}},"loc":{"start":{"line":124,"column":22},"end":{"line":166,"column":5}},"line":124},"11":{"name":"(anonymous_11)","decl":{"start":{"line":169,"column":49},"end":{"line":169,"column":50}},"loc":{"start":{"line":169,"column":68},"end":{"line":182,"column":1}},"line":169},"12":{"name":"(anonymous_12)","decl":{"start":{"line":170,"column":5},"end":{"line":170,"column":6}},"loc":{"start":{"line":170,"column":22},"end":{"line":181,"column":5}},"line":170},"13":{"name":"(anonymous_13)","decl":{"start":{"line":184,"column":34},"end":{"line":184,"column":35}},"loc":{"start":{"line":184,"column":53},"end":{"line":236,"column":1}},"line":184},"14":{"name":"(anonymous_14)","decl":{"start":{"line":185,"column":5},"end":{"line":185,"column":6}},"loc":{"start":{"line":185,"column":22},"end":{"line":235,"column":5}},"line":185},"15":{"name":"(anonymous_15)","decl":{"start":{"line":209,"column":23},"end":{"line":209,"column":24}},"loc":{"start":{"line":209,"column":45},"end":{"line":226,"column":9}},"line":209},"16":{"name":"(anonymous_16)","decl":{"start":{"line":238,"column":29},"end":{"line":238,"column":30}},"loc":{"start":{"line":238,"column":54},"end":{"line":257,"column":1}},"line":238},"17":{"name":"(anonymous_17)","decl":{"start":{"line":259,"column":30},"end":{"line":259,"column":31}},"loc":{"start":{"line":259,"column":55},"end":{"line":332,"column":1}},"line":259}},"branchMap":{"0":{"loc":{"start":{"line":103,"column":8},"end":{"line":107,"column":9}},"type":"if","locations":[{"start":{"line":103,"column":8},"end":{"line":107,"column":9}},{"start":{"line":103,"column":8},"end":{"line":107,"column":9}}],"line":103},"1":{"loc":{"start":{"line":134,"column":8},"end":{"line":137,"column":9}},"type":"if","locations":[{"start":{"line":134,"column":8},"end":{"line":137,"column":9}},{"start":{"line":134,"column":8},"end":{"line":137,"column":9}}],"line":134},"2":{"loc":{"start":{"line":154,"column":8},"end":{"line":162,"column":9}},"type":"if","locations":[{"start":{"line":154,"column":8},"end":{"line":162,"column":9}},{"start":{"line":154,"column":8},"end":{"line":162,"column":9}}],"line":154},"3":{"loc":{"start":{"line":204,"column":8},"end":{"line":206,"column":9}},"type":"if","locations":[{"start":{"line":204,"column":8},"end":{"line":206,"column":9}},{"start":{"line":204,"column":8},"end":{"line":206,"column":9}}],"line":204},"4":{"loc":{"start":{"line":281,"column":4},"end":{"line":285,"column":5}},"type":"if","locations":[{"start":{"line":281,"column":4},"end":{"line":285,"column":5}},{"start":{"line":281,"column":4},"end":{"line":285,"column":5}}],"line":281},"5":{"loc":{"start":{"line":287,"column":4},"end":{"line":293,"column":5}},"type":"if","locations":[{"start":{"line":287,"column":4},"end":{"line":293,"column":5}},{"start":{"line":287,"column":4},"end":{"line":293,"column":5}}],"line":287},"6":{"loc":{"start":{"line":290,"column":11},"end":{"line":293,"column":5}},"type":"if","locations":[{"start":{"line":290,"column":11},"end":{"line":293,"column":5}},{"start":{"line":290,"column":11},"end":{"line":293,"column":5}}],"line":290},"7":{"loc":{"start":{"line":299,"column":4},"end":{"line":302,"column":5}},"type":"if","locations":[{"start":{"line":299,"column":4},"end":{"line":302,"column":5}},{"start":{"line":299,"column":4},"end":{"line":302,"column":5}}],"line":299},"8":{"loc":{"start":{"line":304,"column":4},"end":{"line":307,"column":5}},"type":"if","locations":[{"start":{"line":304,"column":4},"end":{"line":307,"column":5}},{"start":{"line":304,"column":4},"end":{"line":307,"column":5}}],"line":304}},"s":{"0":3,"1":3,"2":3,"3":3,"4":3,"5":1,"6":1,"7":1,"8":1,"9":1,"10":1,"11":1,"12":1,"13":1,"14":1,"15":1,"16":1,"17":1,"18":3,"19":1,"20":1,"21":1,"22":1,"23":1,"24":3,"25":1,"26":1,"27":1,"28":1,"29":1,"30":1,"31":0,"32":0,"33":0,"34":1,"35":1,"36":1,"37":3,"38":2,"39":2,"40":2,"41":2,"42":2,"43":2,"44":0,"45":2,"46":1,"47":1,"48":1,"49":1,"50":1,"51":1,"52":1,"53":3,"54":2,"55":2,"56":2,"57":2,"58":2,"59":2,"60":2,"61":0,"62":2,"63":1,"64":1,"65":1,"66":1,"67":1,"68":1,"69":1,"70":1,"71":1,"72":1,"73":1,"74":0,"75":0,"76":0,"77":1,"78":1,"79":1,"80":3,"81":0,"82":0,"83":0,"84":0,"85":0,"86":0,"87":0,"88":0,"89":0,"90":3,"91":0,"92":0,"93":0,"94":0,"95":0,"96":0,"97":0,"98":0,"99":0,"100":0,"101":0,"102":0,"103":0,"104":0,"105":0,"106":0,"107":0,"108":0,"109":0,"110":0,"111":0,"112":0,"113":0,"114":0,"115":0,"116":0,"117":3,"118":0,"119":0,"120":0,"121":0,"122":0,"123":0,"124":0,"125":0,"126":0,"127":0,"128":0,"129":3,"130":0,"131":0,"132":0,"133":0,"134":0,"135":0,"136":0,"137":0,"138":0,"139":0,"140":0,"141":0,"142":0,"143":0,"144":0,"145":0,"146":0,"147":0,"148":0,"149":0,"150":0,"151":0,"152":0,"153":0,"154":0,"155":0,"156":0,"157":0,"158":0,"159":0,"160":0,"161":0,"162":0,"163":0,"164":0,"165":0,"166":0,"167":0,"168":0,"169":0,"170":3},"f":{"0":1,"1":1,"2":1,"3":1,"4":1,"5":1,"6":1,"7":2,"8":2,"9":2,"10":2,"11":0,"12":0,"13":0,"14":0,"15":0,"16":0,"17":0},"b":{"0":[1,1],"1":[1,1],"2":[1,0],"3":[0,0],"4":[0,0],"5":[0,0],"6":[0,0],"7":[0,0],"8":[0,0]},"_coverageSchema":"1a1c01bbd47fc00a2c39e90264f33305004495a9","hash":"4034382d1bdfeff6043ca210361df4280ad22f1f"}
}
