{"D:\\SQA\\SQA Project\\Implementation\\Source Code\\database.js": {"path":"D:\\SQA\\SQA Project\\Implementation\\Source Code\\database.js","statementMap":{"0":{"start":{"line":1,"column":9},"end":{"line":1,"column":22}},"1":{"start":{"line":2,"column":18},"end":{"line":2,"column":48}},"2":{"start":{"line":6,"column":11},"end":{"line":6,"column":15}},"3":{"start":{"line":9,"column":19},"end":{"line":9,"column":23}},"4":{"start":{"line":10,"column":8},"end":{"line":14,"column":10}},"5":{"start":{"line":11,"column":12},"end":{"line":11,"column":30}},"6":{"start":{"line":11,"column":21},"end":{"line":11,"column":30}},"7":{"start":{"line":12,"column":12},"end":{"line":12,"column":40}},"8":{"start":{"line":13,"column":12},"end":{"line":13,"column":40}},"9":{"start":{"line":19,"column":8},"end":{"line":19,"column":25}},"10":{"start":{"line":23,"column":16},"end":{"line":23,"column":18}},"11":{"start":{"line":24,"column":8},"end":{"line":24,"column":88}},"12":{"start":{"line":24,"column":31},"end":{"line":24,"column":88}},"13":{"start":{"line":25,"column":8},"end":{"line":25,"column":16}},"14":{"start":{"line":41,"column":8},"end":{"line":47,"column":10}},"15":{"start":{"line":42,"column":25},"end":{"line":42,"column":47}},"16":{"start":{"line":43,"column":12},"end":{"line":45,"column":14}},"17":{"start":{"line":44,"column":16},"end":{"line":44,"column":70}},"18":{"start":{"line":46,"column":12},"end":{"line":46,"column":26}},"19":{"start":{"line":51,"column":0},"end":{"line":51,"column":31}}},"fnMap":{"0":{"name":"(anonymous_0)","decl":{"start":{"line":8,"column":4},"end":{"line":8,"column":5}},"loc":{"start":{"line":8,"column":18},"end":{"line":16,"column":5}},"line":8},"1":{"name":"(anonymous_1)","decl":{"start":{"line":10,"column":88},"end":{"line":10,"column":89}},"loc":{"start":{"line":10,"column":110},"end":{"line":14,"column":9}},"line":10},"2":{"name":"(anonymous_2)","decl":{"start":{"line":18,"column":4},"end":{"line":18,"column":5}},"loc":{"start":{"line":18,"column":12},"end":{"line":20,"column":5}},"line":18},"3":{"name":"(anonymous_3)","decl":{"start":{"line":22,"column":4},"end":{"line":22,"column":5}},"loc":{"start":{"line":22,"column":17},"end":{"line":26,"column":5}},"line":22},"4":{"name":"(anonymous_4)","decl":{"start":{"line":40,"column":4},"end":{"line":40,"column":5}},"loc":{"start":{"line":40,"column":22},"end":{"line":48,"column":5}},"line":40},"5":{"name":"(anonymous_5)","decl":{"start":{"line":41,"column":48},"end":{"line":41,"column":49}},"loc":{"start":{"line":41,"column":68},"end":{"line":47,"column":9}},"line":41},"6":{"name":"(anonymous_6)","decl":{"start":{"line":43,"column":25},"end":{"line":43,"column":26}},"loc":{"start":{"line":43,"column":40},"end":{"line":45,"column":13}},"line":43}},"branchMap":{"0":{"loc":{"start":{"line":11,"column":12},"end":{"line":11,"column":30}},"type":"if","locations":[{"start":{"line":11,"column":12},"end":{"line":11,"column":30}},{"start":{"line":11,"column":12},"end":{"line":11,"column":30}}],"line":11}},"s":{"0":3,"1":3,"2":3,"3":3,"4":3,"5":3,"6":0,"7":3,"8":3,"9":5,"10":0,"11":0,"12":0,"13":0,"14":3,"15":3,"16":3,"17":4,"18":3,"19":3},"f":{"0":3,"1":3,"2":5,"3":0,"4":3,"5":3,"6":4},"b":{"0":[0,3]},"_coverageSchema":"1a1c01bbd47fc00a2c39e90264f33305004495a9","hash":"62167939593d52b7592fe8eff8fbb5c3029c3ae3"}
,"D:\\SQA\\SQA Project\\Implementation\\Source Code\\server.js": {"path":"D:\\SQA\\SQA Project\\Implementation\\Source Code\\server.js","statementMap":{"0":{"start":{"line":2,"column":14},"end":{"line":2,"column":32}},"1":{"start":{"line":3,"column":17},"end":{"line":3,"column":39}},"2":{"start":{"line":4,"column":19},"end":{"line":4,"column":43}},"3":{"start":{"line":5,"column":15},"end":{"line":5,"column":42}},"4":{"start":{"line":6,"column":10},"end":{"line":6,"column":19}},"5":{"start":{"line":7,"column":21},"end":{"line":7,"column":59}},"6":{"start":{"line":8,"column":20},"end":{"line":8,"column":61}},"7":{"start":{"line":9,"column":21},"end":{"line":9,"column":66}},"8":{"start":{"line":12,"column":0},"end":{"line":12,"column":51}},"9":{"start":{"line":13,"column":0},"end":{"line":13,"column":34}},"10":{"start":{"line":14,"column":0},"end":{"line":14,"column":23}},"11":{"start":{"line":47,"column":0},"end":{"line":47,"column":24}},"12":{"start":{"line":48,"column":0},"end":{"line":48,"column":23}},"13":{"start":{"line":49,"column":0},"end":{"line":49,"column":24}},"14":{"start":{"line":51,"column":0},"end":{"line":53,"column":2}},"15":{"start":{"line":52,"column":4},"end":{"line":52,"column":36}},"16":{"start":{"line":55,"column":0},"end":{"line":57,"column":2}},"17":{"start":{"line":56,"column":4},"end":{"line":56,"column":36}},"18":{"start":{"line":59,"column":0},"end":{"line":59,"column":16}},"19":{"start":{"line":64,"column":0},"end":{"line":64,"column":23}}},"fnMap":{"0":{"name":"(anonymous_0)","decl":{"start":{"line":51,"column":13},"end":{"line":51,"column":14}},"loc":{"start":{"line":51,"column":32},"end":{"line":53,"column":1}},"line":51},"1":{"name":"(anonymous_1)","decl":{"start":{"line":55,"column":18},"end":{"line":55,"column":19}},"loc":{"start":{"line":55,"column":37},"end":{"line":57,"column":1}},"line":55}},"branchMap":{},"s":{"0":3,"1":3,"2":3,"3":3,"4":3,"5":3,"6":3,"7":3,"8":3,"9":3,"10":3,"11":3,"12":3,"13":3,"14":3,"15":0,"16":3,"17":0,"18":3,"19":3},"f":{"0":0,"1":0},"b":{},"_coverageSchema":"1a1c01bbd47fc00a2c39e90264f33305004495a9","hash":"1d7fba6c5638d9ff059eb7ffed8f99bb66916502"}
,"D:\\SQA\\SQA Project\\Implementation\\Source Code\\controller\\accountController.js": {"path":"D:\\SQA\\SQA Project\\Implementation\\Source Code\\controller\\accountController.js","statementMap":{"0":{"start":{"line":1,"column":14},"end":{"line":1,"column":32}},"1":{"start":{"line":2,"column":13},"end":{"line":2,"column":29}},"2":{"start":{"line":3,"column":15},"end":{"line":3,"column":42}},"3":{"start":{"line":4,"column":15},"end":{"line":4,"column":37}},"4":{"start":{"line":6,"column":0},"end":{"line":41,"column":2}},"5":{"start":{"line":7,"column":4},"end":{"line":40,"column":8}},"6":{"start":{"line":8,"column":18},"end":{"line":8,"column":38}},"7":{"start":{"line":9,"column":18},"end":{"line":9,"column":35}},"8":{"start":{"line":10,"column":20},"end":{"line":10,"column":34}},"9":{"start":{"line":11,"column":21},"end":{"line":11,"column":23}},"10":{"start":{"line":12,"column":23},"end":{"line":12,"column":84}},"11":{"start":{"line":13,"column":19},"end":{"line":13,"column":23}},"12":{"start":{"line":14,"column":8},"end":{"line":19,"column":9}},"13":{"start":{"line":16,"column":12},"end":{"line":16,"column":78}},"14":{"start":{"line":18,"column":12},"end":{"line":18,"column":32}},"15":{"start":{"line":20,"column":18},"end":{"line":20,"column":19}},"16":{"start":{"line":21,"column":8},"end":{"line":35,"column":10}},"17":{"start":{"line":22,"column":12},"end":{"line":33,"column":23}},"18":{"start":{"line":34,"column":12},"end":{"line":34,"column":17}},"19":{"start":{"line":36,"column":20},"end":{"line":36,"column":34}},"20":{"start":{"line":37,"column":8},"end":{"line":37,"column":45}},"21":{"start":{"line":38,"column":8},"end":{"line":38,"column":50}},"22":{"start":{"line":39,"column":8},"end":{"line":39,"column":34}},"23":{"start":{"line":43,"column":0},"end":{"line":73,"column":2}},"24":{"start":{"line":44,"column":4},"end":{"line":72,"column":8}},"25":{"start":{"line":45,"column":18},"end":{"line":45,"column":38}},"26":{"start":{"line":46,"column":18},"end":{"line":46,"column":35}},"27":{"start":{"line":47,"column":20},"end":{"line":47,"column":34}},"28":{"start":{"line":48,"column":19},"end":{"line":48,"column":23}},"29":{"start":{"line":49,"column":8},"end":{"line":54,"column":9}},"30":{"start":{"line":51,"column":12},"end":{"line":51,"column":78}},"31":{"start":{"line":53,"column":12},"end":{"line":53,"column":32}},"32":{"start":{"line":55,"column":20},"end":{"line":68,"column":9}},"33":{"start":{"line":69,"column":8},"end":{"line":69,"column":45}},"34":{"start":{"line":70,"column":8},"end":{"line":70,"column":49}},"35":{"start":{"line":71,"column":8},"end":{"line":71,"column":34}},"36":{"start":{"line":75,"column":0},"end":{"line":148,"column":2}},"37":{"start":{"line":76,"column":4},"end":{"line":147,"column":8}},"38":{"start":{"line":77,"column":22},"end":{"line":77,"column":26}},"39":{"start":{"line":78,"column":20},"end":{"line":91,"column":9}},"40":{"start":{"line":92,"column":20},"end":{"line":92,"column":53}},"41":{"start":{"line":93,"column":19},"end":{"line":93,"column":53}},"42":{"start":{"line":94,"column":23},"end":{"line":94,"column":27}},"43":{"start":{"line":96,"column":8},"end":{"line":101,"column":9}},"44":{"start":{"line":97,"column":12},"end":{"line":97,"column":80}},"45":{"start":{"line":98,"column":12},"end":{"line":98,"column":74}},"46":{"start":{"line":100,"column":12},"end":{"line":100,"column":32}},"47":{"start":{"line":103,"column":8},"end":{"line":106,"column":9}},"48":{"start":{"line":104,"column":12},"end":{"line":104,"column":86}},"49":{"start":{"line":105,"column":12},"end":{"line":105,"column":27}},"50":{"start":{"line":108,"column":8},"end":{"line":116,"column":9}},"51":{"start":{"line":109,"column":12},"end":{"line":109,"column":88}},"52":{"start":{"line":110,"column":12},"end":{"line":110,"column":27}},"53":{"start":{"line":112,"column":12},"end":{"line":115,"column":13}},"54":{"start":{"line":113,"column":12},"end":{"line":113,"column":84}},"55":{"start":{"line":114,"column":12},"end":{"line":114,"column":27}},"56":{"start":{"line":118,"column":8},"end":{"line":121,"column":9}},"57":{"start":{"line":119,"column":12},"end":{"line":119,"column":93}},"58":{"start":{"line":120,"column":12},"end":{"line":120,"column":27}},"59":{"start":{"line":123,"column":8},"end":{"line":142,"column":9}},"60":{"start":{"line":124,"column":29},"end":{"line":134,"column":13}},"61":{"start":{"line":135,"column":12},"end":{"line":141,"column":13}},"62":{"start":{"line":136,"column":16},"end":{"line":136,"column":82}},"63":{"start":{"line":137,"column":16},"end":{"line":137,"column":39}},"64":{"start":{"line":139,"column":16},"end":{"line":139,"column":32}},"65":{"start":{"line":140,"column":16},"end":{"line":140,"column":54}},"66":{"start":{"line":143,"column":8},"end":{"line":143,"column":45}},"67":{"start":{"line":144,"column":8},"end":{"line":144,"column":49}},"68":{"start":{"line":145,"column":8},"end":{"line":145,"column":34}},"69":{"start":{"line":150,"column":0},"end":{"line":181,"column":2}},"70":{"start":{"line":151,"column":4},"end":{"line":180,"column":8}},"71":{"start":{"line":152,"column":18},"end":{"line":152,"column":55}},"72":{"start":{"line":153,"column":20},"end":{"line":153,"column":34}},"73":{"start":{"line":154,"column":8},"end":{"line":154,"column":21}},"74":{"start":{"line":155,"column":8},"end":{"line":159,"column":9}},"75":{"start":{"line":156,"column":12},"end":{"line":156,"column":80}},"76":{"start":{"line":158,"column":12},"end":{"line":158,"column":32}},"77":{"start":{"line":160,"column":8},"end":{"line":163,"column":9}},"78":{"start":{"line":161,"column":12},"end":{"line":161,"column":90}},"79":{"start":{"line":162,"column":12},"end":{"line":162,"column":19}},"80":{"start":{"line":164,"column":20},"end":{"line":176,"column":9}},"81":{"start":{"line":177,"column":8},"end":{"line":177,"column":45}},"82":{"start":{"line":178,"column":8},"end":{"line":178,"column":50}},"83":{"start":{"line":179,"column":8},"end":{"line":179,"column":34}},"84":{"start":{"line":183,"column":0},"end":{"line":258,"column":2}},"85":{"start":{"line":184,"column":4},"end":{"line":257,"column":8}},"86":{"start":{"line":185,"column":22},"end":{"line":185,"column":26}},"87":{"start":{"line":186,"column":18},"end":{"line":186,"column":55}},"88":{"start":{"line":187,"column":20},"end":{"line":187,"column":34}},"89":{"start":{"line":188,"column":8},"end":{"line":188,"column":21}},"90":{"start":{"line":189,"column":8},"end":{"line":193,"column":9}},"91":{"start":{"line":190,"column":12},"end":{"line":190,"column":80}},"92":{"start":{"line":192,"column":12},"end":{"line":192,"column":32}},"93":{"start":{"line":194,"column":8},"end":{"line":197,"column":9}},"94":{"start":{"line":195,"column":12},"end":{"line":195,"column":90}},"95":{"start":{"line":196,"column":12},"end":{"line":196,"column":19}},"96":{"start":{"line":199,"column":20},"end":{"line":211,"column":9}},"97":{"start":{"line":213,"column":8},"end":{"line":228,"column":9}},"98":{"start":{"line":214,"column":12},"end":{"line":214,"column":93}},"99":{"start":{"line":215,"column":12},"end":{"line":215,"column":27}},"100":{"start":{"line":217,"column":20},"end":{"line":217,"column":72}},"101":{"start":{"line":218,"column":12},"end":{"line":218,"column":20}},"102":{"start":{"line":219,"column":12},"end":{"line":223,"column":13}},"103":{"start":{"line":220,"column":16},"end":{"line":220,"column":75}},"104":{"start":{"line":222,"column":16},"end":{"line":222,"column":36}},"105":{"start":{"line":224,"column":12},"end":{"line":227,"column":13}},"106":{"start":{"line":225,"column":16},"end":{"line":225,"column":127}},"107":{"start":{"line":226,"column":16},"end":{"line":226,"column":31}},"108":{"start":{"line":229,"column":8},"end":{"line":229,"column":49}},"109":{"start":{"line":230,"column":8},"end":{"line":230,"column":46}},"110":{"start":{"line":231,"column":8},"end":{"line":231,"column":44}},"111":{"start":{"line":232,"column":8},"end":{"line":232,"column":36}},"112":{"start":{"line":233,"column":8},"end":{"line":233,"column":40}},"113":{"start":{"line":234,"column":8},"end":{"line":234,"column":40}},"114":{"start":{"line":235,"column":8},"end":{"line":242,"column":9}},"115":{"start":{"line":236,"column":12},"end":{"line":241,"column":13}},"116":{"start":{"line":237,"column":16},"end":{"line":237,"column":97}},"117":{"start":{"line":238,"column":16},"end":{"line":238,"column":31}},"118":{"start":{"line":240,"column":16},"end":{"line":240,"column":55}},"119":{"start":{"line":244,"column":8},"end":{"line":253,"column":9}},"120":{"start":{"line":245,"column":12},"end":{"line":252,"column":13}},"121":{"start":{"line":246,"column":16},"end":{"line":246,"column":95}},"122":{"start":{"line":247,"column":16},"end":{"line":247,"column":39}},"123":{"start":{"line":249,"column":16},"end":{"line":249,"column":32}},"124":{"start":{"line":250,"column":16},"end":{"line":250,"column":49}},"125":{"start":{"line":251,"column":16},"end":{"line":251,"column":23}},"126":{"start":{"line":254,"column":8},"end":{"line":254,"column":45}},"127":{"start":{"line":255,"column":8},"end":{"line":255,"column":50}},"128":{"start":{"line":256,"column":8},"end":{"line":256,"column":34}},"129":{"start":{"line":260,"column":0},"end":{"line":273,"column":2}},"130":{"start":{"line":261,"column":4},"end":{"line":272,"column":8}},"131":{"start":{"line":262,"column":18},"end":{"line":262,"column":55}},"132":{"start":{"line":263,"column":20},"end":{"line":263,"column":34}},"133":{"start":{"line":264,"column":8},"end":{"line":264,"column":21}},"134":{"start":{"line":265,"column":8},"end":{"line":270,"column":9}},"135":{"start":{"line":266,"column":12},"end":{"line":266,"column":82}},"136":{"start":{"line":268,"column":12},"end":{"line":268,"column":38}},"137":{"start":{"line":269,"column":12},"end":{"line":269,"column":19}},"138":{"start":{"line":271,"column":8},"end":{"line":271,"column":42}},"139":{"start":{"line":275,"column":0},"end":{"line":275,"column":24}}},"fnMap":{"0":{"name":"(anonymous_0)","decl":{"start":{"line":6,"column":28},"end":{"line":6,"column":29}},"loc":{"start":{"line":6,"column":47},"end":{"line":41,"column":1}},"line":6},"1":{"name":"(anonymous_1)","decl":{"start":{"line":7,"column":5},"end":{"line":7,"column":6}},"loc":{"start":{"line":7,"column":22},"end":{"line":40,"column":5}},"line":7},"2":{"name":"(anonymous_2)","decl":{"start":{"line":21,"column":23},"end":{"line":21,"column":24}},"loc":{"start":{"line":21,"column":41},"end":{"line":35,"column":9}},"line":21},"3":{"name":"(anonymous_3)","decl":{"start":{"line":43,"column":30},"end":{"line":43,"column":31}},"loc":{"start":{"line":43,"column":49},"end":{"line":73,"column":1}},"line":43},"4":{"name":"(anonymous_4)","decl":{"start":{"line":44,"column":5},"end":{"line":44,"column":6}},"loc":{"start":{"line":44,"column":22},"end":{"line":72,"column":5}},"line":44},"5":{"name":"(anonymous_5)","decl":{"start":{"line":75,"column":31},"end":{"line":75,"column":32}},"loc":{"start":{"line":75,"column":50},"end":{"line":148,"column":1}},"line":75},"6":{"name":"(anonymous_6)","decl":{"start":{"line":76,"column":5},"end":{"line":76,"column":6}},"loc":{"start":{"line":76,"column":22},"end":{"line":147,"column":5}},"line":76},"7":{"name":"(anonymous_7)","decl":{"start":{"line":150,"column":39},"end":{"line":150,"column":40}},"loc":{"start":{"line":150,"column":58},"end":{"line":181,"column":1}},"line":150},"8":{"name":"(anonymous_8)","decl":{"start":{"line":151,"column":5},"end":{"line":151,"column":6}},"loc":{"start":{"line":151,"column":22},"end":{"line":180,"column":5}},"line":151},"9":{"name":"(anonymous_9)","decl":{"start":{"line":183,"column":40},"end":{"line":183,"column":41}},"loc":{"start":{"line":183,"column":59},"end":{"line":258,"column":1}},"line":183},"10":{"name":"(anonymous_10)","decl":{"start":{"line":184,"column":5},"end":{"line":184,"column":6}},"loc":{"start":{"line":184,"column":22},"end":{"line":257,"column":5}},"line":184},"11":{"name":"(anonymous_11)","decl":{"start":{"line":260,"column":41},"end":{"line":260,"column":42}},"loc":{"start":{"line":260,"column":60},"end":{"line":273,"column":1}},"line":260},"12":{"name":"(anonymous_12)","decl":{"start":{"line":261,"column":5},"end":{"line":261,"column":6}},"loc":{"start":{"line":261,"column":22},"end":{"line":272,"column":5}},"line":261}},"branchMap":{"0":{"loc":{"start":{"line":103,"column":8},"end":{"line":106,"column":9}},"type":"if","locations":[{"start":{"line":103,"column":8},"end":{"line":106,"column":9}},{"start":{"line":103,"column":8},"end":{"line":106,"column":9}}],"line":103},"1":{"loc":{"start":{"line":108,"column":8},"end":{"line":116,"column":9}},"type":"if","locations":[{"start":{"line":108,"column":8},"end":{"line":116,"column":9}},{"start":{"line":108,"column":8},"end":{"line":116,"column":9}}],"line":108},"2":{"loc":{"start":{"line":108,"column":12},"end":{"line":108,"column":73}},"type":"binary-expr","locations":[{"start":{"line":108,"column":12},"end":{"line":108,"column":40}},{"start":{"line":108,"column":44},"end":{"line":108,"column":73}}],"line":108},"3":{"loc":{"start":{"line":112,"column":12},"end":{"line":115,"column":13}},"type":"if","locations":[{"start":{"line":112,"column":12},"end":{"line":115,"column":13}},{"start":{"line":112,"column":12},"end":{"line":115,"column":13}}],"line":112},"4":{"loc":{"start":{"line":118,"column":8},"end":{"line":121,"column":9}},"type":"if","locations":[{"start":{"line":118,"column":8},"end":{"line":121,"column":9}},{"start":{"line":118,"column":8},"end":{"line":121,"column":9}}],"line":118},"5":{"loc":{"start":{"line":118,"column":12},"end":{"line":118,"column":73}},"type":"binary-expr","locations":[{"start":{"line":118,"column":12},"end":{"line":118,"column":40}},{"start":{"line":118,"column":44},"end":{"line":118,"column":73}}],"line":118},"6":{"loc":{"start":{"line":123,"column":8},"end":{"line":142,"column":9}},"type":"if","locations":[{"start":{"line":123,"column":8},"end":{"line":142,"column":9}},{"start":{"line":123,"column":8},"end":{"line":142,"column":9}}],"line":123},"7":{"loc":{"start":{"line":160,"column":8},"end":{"line":163,"column":9}},"type":"if","locations":[{"start":{"line":160,"column":8},"end":{"line":163,"column":9}},{"start":{"line":160,"column":8},"end":{"line":163,"column":9}}],"line":160},"8":{"loc":{"start":{"line":194,"column":8},"end":{"line":197,"column":9}},"type":"if","locations":[{"start":{"line":194,"column":8},"end":{"line":197,"column":9}},{"start":{"line":194,"column":8},"end":{"line":197,"column":9}}],"line":194},"9":{"loc":{"start":{"line":213,"column":8},"end":{"line":228,"column":9}},"type":"if","locations":[{"start":{"line":213,"column":8},"end":{"line":228,"column":9}},{"start":{"line":213,"column":8},"end":{"line":228,"column":9}}],"line":213},"10":{"loc":{"start":{"line":213,"column":12},"end":{"line":213,"column":73}},"type":"binary-expr","locations":[{"start":{"line":213,"column":12},"end":{"line":213,"column":40}},{"start":{"line":213,"column":44},"end":{"line":213,"column":73}}],"line":213},"11":{"loc":{"start":{"line":224,"column":12},"end":{"line":227,"column":13}},"type":"if","locations":[{"start":{"line":224,"column":12},"end":{"line":227,"column":13}},{"start":{"line":224,"column":12},"end":{"line":227,"column":13}}],"line":224},"12":{"loc":{"start":{"line":235,"column":8},"end":{"line":242,"column":9}},"type":"if","locations":[{"start":{"line":235,"column":8},"end":{"line":242,"column":9}},{"start":{"line":235,"column":8},"end":{"line":242,"column":9}}],"line":235},"13":{"loc":{"start":{"line":236,"column":12},"end":{"line":241,"column":13}},"type":"if","locations":[{"start":{"line":236,"column":12},"end":{"line":241,"column":13}},{"start":{"line":236,"column":12},"end":{"line":241,"column":13}}],"line":236},"14":{"loc":{"start":{"line":236,"column":16},"end":{"line":236,"column":83}},"type":"binary-expr","locations":[{"start":{"line":236,"column":16},"end":{"line":236,"column":47}},{"start":{"line":236,"column":51},"end":{"line":236,"column":83}}],"line":236},"15":{"loc":{"start":{"line":244,"column":8},"end":{"line":253,"column":9}},"type":"if","locations":[{"start":{"line":244,"column":8},"end":{"line":253,"column":9}},{"start":{"line":244,"column":8},"end":{"line":253,"column":9}}],"line":244}},"s":{"0":3,"1":3,"2":3,"3":3,"4":3,"5":0,"6":0,"7":0,"8":0,"9":0,"10":0,"11":0,"12":0,"13":0,"14":0,"15":0,"16":0,"17":0,"18":0,"19":0,"20":0,"21":0,"22":0,"23":3,"24":0,"25":0,"26":0,"27":0,"28":0,"29":0,"30":0,"31":0,"32":0,"33":0,"34":0,"35":0,"36":3,"37":0,"38":0,"39":0,"40":0,"41":0,"42":0,"43":0,"44":0,"45":0,"46":0,"47":0,"48":0,"49":0,"50":0,"51":0,"52":0,"53":0,"54":0,"55":0,"56":0,"57":0,"58":0,"59":0,"60":0,"61":0,"62":0,"63":0,"64":0,"65":0,"66":0,"67":0,"68":0,"69":3,"70":0,"71":0,"72":0,"73":0,"74":0,"75":0,"76":0,"77":0,"78":0,"79":0,"80":0,"81":0,"82":0,"83":0,"84":3,"85":0,"86":0,"87":0,"88":0,"89":0,"90":0,"91":0,"92":0,"93":0,"94":0,"95":0,"96":0,"97":0,"98":0,"99":0,"100":0,"101":0,"102":0,"103":0,"104":0,"105":0,"106":0,"107":0,"108":0,"109":0,"110":0,"111":0,"112":0,"113":0,"114":0,"115":0,"116":0,"117":0,"118":0,"119":0,"120":0,"121":0,"122":0,"123":0,"124":0,"125":0,"126":0,"127":0,"128":0,"129":3,"130":0,"131":0,"132":0,"133":0,"134":0,"135":0,"136":0,"137":0,"138":0,"139":3},"f":{"0":0,"1":0,"2":0,"3":0,"4":0,"5":0,"6":0,"7":0,"8":0,"9":0,"10":0,"11":0,"12":0},"b":{"0":[0,0],"1":[0,0],"2":[0,0],"3":[0,0],"4":[0,0],"5":[0,0],"6":[0,0],"7":[0,0],"8":[0,0],"9":[0,0],"10":[0,0],"11":[0,0],"12":[0,0],"13":[0,0],"14":[0,0],"15":[0,0]},"_coverageSchema":"1a1c01bbd47fc00a2c39e90264f33305004495a9","hash":"1140907bb1f72733b239c8eb6aa560f69f84ece1"}
,"D:\\SQA\\SQA Project\\Implementation\\Source Code\\controller\\authentication.js": {"path":"D:\\SQA\\SQA Project\\Implementation\\Source Code\\controller\\authentication.js","statementMap":{"0":{"start":{"line":1,"column":14},"end":{"line":1,"column":32}},"1":{"start":{"line":2,"column":13},"end":{"line":2,"column":29}},"2":{"start":{"line":3,"column":15},"end":{"line":3,"column":42}},"3":{"start":{"line":4,"column":15},"end":{"line":4,"column":37}},"4":{"start":{"line":6,"column":0},"end":{"line":14,"column":2}},"5":{"start":{"line":7,"column":4},"end":{"line":13,"column":8}},"6":{"start":{"line":8,"column":16},"end":{"line":8,"column":49}},"7":{"start":{"line":9,"column":8},"end":{"line":9,"column":42}},"8":{"start":{"line":10,"column":8},"end":{"line":10,"column":45}},"9":{"start":{"line":12,"column":8},"end":{"line":12,"column":35}},"10":{"start":{"line":16,"column":0},"end":{"line":48,"column":2}},"11":{"start":{"line":17,"column":16},"end":{"line":17,"column":49}},"12":{"start":{"line":18,"column":12},"end":{"line":18,"column":38}},"13":{"start":{"line":19,"column":20},"end":{"line":19,"column":24}},"14":{"start":{"line":20,"column":17},"end":{"line":20,"column":21}},"15":{"start":{"line":21,"column":4},"end":{"line":25,"column":5}},"16":{"start":{"line":22,"column":8},"end":{"line":22,"column":77}},"17":{"start":{"line":24,"column":8},"end":{"line":24,"column":29}},"18":{"start":{"line":26,"column":4},"end":{"line":42,"column":5}},"19":{"start":{"line":27,"column":8},"end":{"line":27,"column":71}},"20":{"start":{"line":29,"column":21},"end":{"line":29,"column":47}},"21":{"start":{"line":30,"column":8},"end":{"line":41,"column":9}},"22":{"start":{"line":31,"column":12},"end":{"line":31,"column":68}},"23":{"start":{"line":32,"column":25},"end":{"line":32,"column":47}},"24":{"start":{"line":33,"column":12},"end":{"line":37,"column":13}},"25":{"start":{"line":34,"column":16},"end":{"line":34,"column":44}},"26":{"start":{"line":35,"column":19},"end":{"line":37,"column":13}},"27":{"start":{"line":36,"column":16},"end":{"line":36,"column":43}},"28":{"start":{"line":38,"column":12},"end":{"line":38,"column":30}},"29":{"start":{"line":40,"column":12},"end":{"line":40,"column":75}},"30":{"start":{"line":43,"column":4},"end":{"line":47,"column":5}},"31":{"start":{"line":44,"column":8},"end":{"line":44,"column":42}},"32":{"start":{"line":45,"column":8},"end":{"line":45,"column":45}},"33":{"start":{"line":46,"column":8},"end":{"line":46,"column":35}},"34":{"start":{"line":50,"column":0},"end":{"line":54,"column":2}},"35":{"start":{"line":51,"column":4},"end":{"line":51,"column":44}},"36":{"start":{"line":52,"column":4},"end":{"line":52,"column":32}},"37":{"start":{"line":53,"column":4},"end":{"line":53,"column":31}},"38":{"start":{"line":56,"column":0},"end":{"line":61,"column":2}},"39":{"start":{"line":57,"column":4},"end":{"line":57,"column":44}},"40":{"start":{"line":58,"column":4},"end":{"line":58,"column":32}},"41":{"start":{"line":60,"column":4},"end":{"line":60,"column":31}},"42":{"start":{"line":63,"column":0},"end":{"line":81,"column":2}},"43":{"start":{"line":64,"column":14},"end":{"line":64,"column":34}},"44":{"start":{"line":65,"column":4},"end":{"line":65,"column":21}},"45":{"start":{"line":66,"column":14},"end":{"line":66,"column":31}},"46":{"start":{"line":67,"column":16},"end":{"line":67,"column":30}},"47":{"start":{"line":68,"column":18},"end":{"line":68,"column":22}},"48":{"start":{"line":69,"column":4},"end":{"line":73,"column":5}},"49":{"start":{"line":70,"column":8},"end":{"line":70,"column":78}},"50":{"start":{"line":72,"column":8},"end":{"line":72,"column":29}},"51":{"start":{"line":74,"column":16},"end":{"line":77,"column":5}},"52":{"start":{"line":78,"column":4},"end":{"line":78,"column":49}},"53":{"start":{"line":79,"column":4},"end":{"line":79,"column":42}},"54":{"start":{"line":80,"column":4},"end":{"line":80,"column":31}},"55":{"start":{"line":83,"column":0},"end":{"line":93,"column":2}},"56":{"start":{"line":84,"column":4},"end":{"line":92,"column":8}},"57":{"start":{"line":85,"column":20},"end":{"line":88,"column":9}},"58":{"start":{"line":89,"column":8},"end":{"line":89,"column":45}},"59":{"start":{"line":90,"column":8},"end":{"line":90,"column":47}},"60":{"start":{"line":91,"column":8},"end":{"line":91,"column":34}},"61":{"start":{"line":95,"column":0},"end":{"line":147,"column":2}},"62":{"start":{"line":96,"column":4},"end":{"line":146,"column":8}},"63":{"start":{"line":97,"column":22},"end":{"line":97,"column":26}},"64":{"start":{"line":98,"column":20},"end":{"line":101,"column":9}},"65":{"start":{"line":102,"column":20},"end":{"line":102,"column":53}},"66":{"start":{"line":103,"column":21},"end":{"line":103,"column":25}},"67":{"start":{"line":104,"column":8},"end":{"line":117,"column":9}},"68":{"start":{"line":105,"column":12},"end":{"line":105,"column":88}},"69":{"start":{"line":106,"column":12},"end":{"line":106,"column":27}},"70":{"start":{"line":108,"column":12},"end":{"line":112,"column":13}},"71":{"start":{"line":109,"column":16},"end":{"line":109,"column":84}},"72":{"start":{"line":111,"column":16},"end":{"line":111,"column":36}},"73":{"start":{"line":113,"column":12},"end":{"line":116,"column":13}},"74":{"start":{"line":114,"column":16},"end":{"line":114,"column":88}},"75":{"start":{"line":115,"column":16},"end":{"line":115,"column":31}},"76":{"start":{"line":118,"column":8},"end":{"line":121,"column":9}},"77":{"start":{"line":119,"column":12},"end":{"line":119,"column":93}},"78":{"start":{"line":120,"column":12},"end":{"line":120,"column":27}},"79":{"start":{"line":122,"column":8},"end":{"line":141,"column":9}},"80":{"start":{"line":123,"column":29},"end":{"line":133,"column":13}},"81":{"start":{"line":134,"column":12},"end":{"line":140,"column":13}},"82":{"start":{"line":135,"column":16},"end":{"line":135,"column":82}},"83":{"start":{"line":136,"column":16},"end":{"line":136,"column":39}},"84":{"start":{"line":138,"column":16},"end":{"line":138,"column":32}},"85":{"start":{"line":139,"column":16},"end":{"line":139,"column":54}},"86":{"start":{"line":142,"column":8},"end":{"line":142,"column":45}},"87":{"start":{"line":143,"column":8},"end":{"line":143,"column":47}},"88":{"start":{"line":144,"column":8},"end":{"line":144,"column":24}},"89":{"start":{"line":145,"column":8},"end":{"line":145,"column":34}},"90":{"start":{"line":149,"column":0},"end":{"line":180,"column":2}},"91":{"start":{"line":150,"column":14},"end":{"line":150,"column":34}},"92":{"start":{"line":151,"column":14},"end":{"line":151,"column":31}},"93":{"start":{"line":152,"column":16},"end":{"line":152,"column":30}},"94":{"start":{"line":153,"column":4},"end":{"line":153,"column":19}},"95":{"start":{"line":154,"column":4},"end":{"line":158,"column":5}},"96":{"start":{"line":155,"column":8},"end":{"line":155,"column":78}},"97":{"start":{"line":157,"column":8},"end":{"line":157,"column":29}},"98":{"start":{"line":160,"column":12},"end":{"line":171,"column":5}},"99":{"start":{"line":172,"column":4},"end":{"line":172,"column":38}},"100":{"start":{"line":173,"column":17},"end":{"line":173,"column":37}},"101":{"start":{"line":174,"column":4},"end":{"line":178,"column":5}},"102":{"start":{"line":175,"column":8},"end":{"line":175,"column":53}},"103":{"start":{"line":176,"column":11},"end":{"line":178,"column":5}},"104":{"start":{"line":177,"column":8},"end":{"line":177,"column":47}},"105":{"start":{"line":179,"column":4},"end":{"line":179,"column":31}},"106":{"start":{"line":182,"column":0},"end":{"line":272,"column":2}},"107":{"start":{"line":183,"column":18},"end":{"line":183,"column":22}},"108":{"start":{"line":184,"column":14},"end":{"line":184,"column":34}},"109":{"start":{"line":185,"column":14},"end":{"line":185,"column":31}},"110":{"start":{"line":186,"column":16},"end":{"line":186,"column":30}},"111":{"start":{"line":187,"column":4},"end":{"line":187,"column":19}},"112":{"start":{"line":188,"column":4},"end":{"line":192,"column":5}},"113":{"start":{"line":189,"column":8},"end":{"line":189,"column":78}},"114":{"start":{"line":191,"column":8},"end":{"line":191,"column":29}},"115":{"start":{"line":193,"column":4},"end":{"line":196,"column":5}},"116":{"start":{"line":194,"column":8},"end":{"line":194,"column":64}},"117":{"start":{"line":195,"column":8},"end":{"line":195,"column":15}},"118":{"start":{"line":198,"column":16},"end":{"line":209,"column":5}},"119":{"start":{"line":221,"column":4},"end":{"line":236,"column":5}},"120":{"start":{"line":222,"column":8},"end":{"line":222,"column":89}},"121":{"start":{"line":223,"column":8},"end":{"line":223,"column":24}},"122":{"start":{"line":225,"column":20},"end":{"line":225,"column":72}},"123":{"start":{"line":226,"column":8},"end":{"line":226,"column":22}},"124":{"start":{"line":227,"column":8},"end":{"line":231,"column":9}},"125":{"start":{"line":228,"column":12},"end":{"line":228,"column":81}},"126":{"start":{"line":230,"column":12},"end":{"line":230,"column":33}},"127":{"start":{"line":232,"column":8},"end":{"line":235,"column":9}},"128":{"start":{"line":233,"column":12},"end":{"line":233,"column":123}},"129":{"start":{"line":234,"column":12},"end":{"line":234,"column":28}},"130":{"start":{"line":237,"column":4},"end":{"line":237,"column":44}},"131":{"start":{"line":238,"column":4},"end":{"line":238,"column":38}},"132":{"start":{"line":239,"column":4},"end":{"line":247,"column":5}},"133":{"start":{"line":240,"column":8},"end":{"line":246,"column":9}},"134":{"start":{"line":241,"column":12},"end":{"line":241,"column":93}},"135":{"start":{"line":242,"column":12},"end":{"line":242,"column":28}},"136":{"start":{"line":244,"column":25},"end":{"line":244,"column":45}},"137":{"start":{"line":245,"column":12},"end":{"line":245,"column":41}},"138":{"start":{"line":249,"column":4},"end":{"line":251,"column":5}},"139":{"start":{"line":250,"column":8},"end":{"line":250,"column":24}},"140":{"start":{"line":253,"column":4},"end":{"line":262,"column":5}},"141":{"start":{"line":254,"column":20},"end":{"line":254,"column":34}},"142":{"start":{"line":255,"column":8},"end":{"line":261,"column":9}},"143":{"start":{"line":256,"column":27},"end":{"line":256,"column":107}},"144":{"start":{"line":258,"column":12},"end":{"line":258,"column":28}},"145":{"start":{"line":259,"column":12},"end":{"line":259,"column":45}},"146":{"start":{"line":260,"column":12},"end":{"line":260,"column":19}},"147":{"start":{"line":264,"column":4},"end":{"line":264,"column":42}},"148":{"start":{"line":265,"column":17},"end":{"line":265,"column":37}},"149":{"start":{"line":266,"column":4},"end":{"line":270,"column":5}},"150":{"start":{"line":267,"column":8},"end":{"line":267,"column":53}},"151":{"start":{"line":268,"column":11},"end":{"line":270,"column":5}},"152":{"start":{"line":269,"column":8},"end":{"line":269,"column":47}},"153":{"start":{"line":271,"column":4},"end":{"line":271,"column":30}},"154":{"start":{"line":274,"column":0},"end":{"line":277,"column":2}},"155":{"start":{"line":275,"column":4},"end":{"line":275,"column":28}},"156":{"start":{"line":276,"column":4},"end":{"line":276,"column":35}},"157":{"start":{"line":279,"column":0},"end":{"line":279,"column":23}}},"fnMap":{"0":{"name":"(anonymous_0)","decl":{"start":{"line":6,"column":21},"end":{"line":6,"column":22}},"loc":{"start":{"line":6,"column":40},"end":{"line":14,"column":1}},"line":6},"1":{"name":"(anonymous_1)","decl":{"start":{"line":7,"column":5},"end":{"line":7,"column":6}},"loc":{"start":{"line":7,"column":22},"end":{"line":13,"column":5}},"line":7},"2":{"name":"(anonymous_2)","decl":{"start":{"line":16,"column":22},"end":{"line":16,"column":23}},"loc":{"start":{"line":16,"column":47},"end":{"line":48,"column":1}},"line":16},"3":{"name":"(anonymous_3)","decl":{"start":{"line":50,"column":25},"end":{"line":50,"column":26}},"loc":{"start":{"line":50,"column":50},"end":{"line":54,"column":1}},"line":50},"4":{"name":"(anonymous_4)","decl":{"start":{"line":56,"column":21},"end":{"line":56,"column":22}},"loc":{"start":{"line":56,"column":46},"end":{"line":61,"column":1}},"line":56},"5":{"name":"(anonymous_5)","decl":{"start":{"line":63,"column":20},"end":{"line":63,"column":21}},"loc":{"start":{"line":63,"column":45},"end":{"line":81,"column":1}},"line":63},"6":{"name":"(anonymous_6)","decl":{"start":{"line":83,"column":23},"end":{"line":83,"column":24}},"loc":{"start":{"line":83,"column":42},"end":{"line":93,"column":1}},"line":83},"7":{"name":"(anonymous_7)","decl":{"start":{"line":84,"column":5},"end":{"line":84,"column":6}},"loc":{"start":{"line":84,"column":22},"end":{"line":92,"column":5}},"line":84},"8":{"name":"(anonymous_8)","decl":{"start":{"line":95,"column":24},"end":{"line":95,"column":25}},"loc":{"start":{"line":95,"column":43},"end":{"line":147,"column":1}},"line":95},"9":{"name":"(anonymous_9)","decl":{"start":{"line":96,"column":5},"end":{"line":96,"column":6}},"loc":{"start":{"line":96,"column":22},"end":{"line":146,"column":5}},"line":96},"10":{"name":"(anonymous_10)","decl":{"start":{"line":149,"column":23},"end":{"line":149,"column":24}},"loc":{"start":{"line":149,"column":48},"end":{"line":180,"column":1}},"line":149},"11":{"name":"(anonymous_11)","decl":{"start":{"line":182,"column":24},"end":{"line":182,"column":25}},"loc":{"start":{"line":182,"column":49},"end":{"line":272,"column":1}},"line":182},"12":{"name":"(anonymous_12)","decl":{"start":{"line":274,"column":24},"end":{"line":274,"column":25}},"loc":{"start":{"line":274,"column":43},"end":{"line":277,"column":1}},"line":274}},"branchMap":{"0":{"loc":{"start":{"line":26,"column":4},"end":{"line":42,"column":5}},"type":"if","locations":[{"start":{"line":26,"column":4},"end":{"line":42,"column":5}},{"start":{"line":26,"column":4},"end":{"line":42,"column":5}}],"line":26},"1":{"loc":{"start":{"line":30,"column":8},"end":{"line":41,"column":9}},"type":"if","locations":[{"start":{"line":30,"column":8},"end":{"line":41,"column":9}},{"start":{"line":30,"column":8},"end":{"line":41,"column":9}}],"line":30},"2":{"loc":{"start":{"line":33,"column":12},"end":{"line":37,"column":13}},"type":"if","locations":[{"start":{"line":33,"column":12},"end":{"line":37,"column":13}},{"start":{"line":33,"column":12},"end":{"line":37,"column":13}}],"line":33},"3":{"loc":{"start":{"line":35,"column":19},"end":{"line":37,"column":13}},"type":"if","locations":[{"start":{"line":35,"column":19},"end":{"line":37,"column":13}},{"start":{"line":35,"column":19},"end":{"line":37,"column":13}}],"line":35},"4":{"loc":{"start":{"line":43,"column":4},"end":{"line":47,"column":5}},"type":"if","locations":[{"start":{"line":43,"column":4},"end":{"line":47,"column":5}},{"start":{"line":43,"column":4},"end":{"line":47,"column":5}}],"line":43},"5":{"loc":{"start":{"line":104,"column":8},"end":{"line":117,"column":9}},"type":"if","locations":[{"start":{"line":104,"column":8},"end":{"line":117,"column":9}},{"start":{"line":104,"column":8},"end":{"line":117,"column":9}}],"line":104},"6":{"loc":{"start":{"line":104,"column":12},"end":{"line":104,"column":73}},"type":"binary-expr","locations":[{"start":{"line":104,"column":12},"end":{"line":104,"column":40}},{"start":{"line":104,"column":44},"end":{"line":104,"column":73}}],"line":104},"7":{"loc":{"start":{"line":113,"column":12},"end":{"line":116,"column":13}},"type":"if","locations":[{"start":{"line":113,"column":12},"end":{"line":116,"column":13}},{"start":{"line":113,"column":12},"end":{"line":116,"column":13}}],"line":113},"8":{"loc":{"start":{"line":118,"column":8},"end":{"line":121,"column":9}},"type":"if","locations":[{"start":{"line":118,"column":8},"end":{"line":121,"column":9}},{"start":{"line":118,"column":8},"end":{"line":121,"column":9}}],"line":118},"9":{"loc":{"start":{"line":118,"column":12},"end":{"line":118,"column":73}},"type":"binary-expr","locations":[{"start":{"line":118,"column":12},"end":{"line":118,"column":40}},{"start":{"line":118,"column":44},"end":{"line":118,"column":73}}],"line":118},"10":{"loc":{"start":{"line":122,"column":8},"end":{"line":141,"column":9}},"type":"if","locations":[{"start":{"line":122,"column":8},"end":{"line":141,"column":9}},{"start":{"line":122,"column":8},"end":{"line":141,"column":9}}],"line":122},"11":{"loc":{"start":{"line":174,"column":4},"end":{"line":178,"column":5}},"type":"if","locations":[{"start":{"line":174,"column":4},"end":{"line":178,"column":5}},{"start":{"line":174,"column":4},"end":{"line":178,"column":5}}],"line":174},"12":{"loc":{"start":{"line":176,"column":11},"end":{"line":178,"column":5}},"type":"if","locations":[{"start":{"line":176,"column":11},"end":{"line":178,"column":5}},{"start":{"line":176,"column":11},"end":{"line":178,"column":5}}],"line":176},"13":{"loc":{"start":{"line":193,"column":4},"end":{"line":196,"column":5}},"type":"if","locations":[{"start":{"line":193,"column":4},"end":{"line":196,"column":5}},{"start":{"line":193,"column":4},"end":{"line":196,"column":5}}],"line":193},"14":{"loc":{"start":{"line":221,"column":4},"end":{"line":236,"column":5}},"type":"if","locations":[{"start":{"line":221,"column":4},"end":{"line":236,"column":5}},{"start":{"line":221,"column":4},"end":{"line":236,"column":5}}],"line":221},"15":{"loc":{"start":{"line":221,"column":8},"end":{"line":221,"column":69}},"type":"binary-expr","locations":[{"start":{"line":221,"column":8},"end":{"line":221,"column":36}},{"start":{"line":221,"column":40},"end":{"line":221,"column":69}}],"line":221},"16":{"loc":{"start":{"line":232,"column":8},"end":{"line":235,"column":9}},"type":"if","locations":[{"start":{"line":232,"column":8},"end":{"line":235,"column":9}},{"start":{"line":232,"column":8},"end":{"line":235,"column":9}}],"line":232},"17":{"loc":{"start":{"line":239,"column":4},"end":{"line":247,"column":5}},"type":"if","locations":[{"start":{"line":239,"column":4},"end":{"line":247,"column":5}},{"start":{"line":239,"column":4},"end":{"line":247,"column":5}}],"line":239},"18":{"loc":{"start":{"line":240,"column":8},"end":{"line":246,"column":9}},"type":"if","locations":[{"start":{"line":240,"column":8},"end":{"line":246,"column":9}},{"start":{"line":240,"column":8},"end":{"line":246,"column":9}}],"line":240},"19":{"loc":{"start":{"line":240,"column":12},"end":{"line":240,"column":79}},"type":"binary-expr","locations":[{"start":{"line":240,"column":12},"end":{"line":240,"column":43}},{"start":{"line":240,"column":47},"end":{"line":240,"column":79}}],"line":240},"20":{"loc":{"start":{"line":249,"column":4},"end":{"line":251,"column":5}},"type":"if","locations":[{"start":{"line":249,"column":4},"end":{"line":251,"column":5}},{"start":{"line":249,"column":4},"end":{"line":251,"column":5}}],"line":249},"21":{"loc":{"start":{"line":253,"column":4},"end":{"line":262,"column":5}},"type":"if","locations":[{"start":{"line":253,"column":4},"end":{"line":262,"column":5}},{"start":{"line":253,"column":4},"end":{"line":262,"column":5}}],"line":253},"22":{"loc":{"start":{"line":266,"column":4},"end":{"line":270,"column":5}},"type":"if","locations":[{"start":{"line":266,"column":4},"end":{"line":270,"column":5}},{"start":{"line":266,"column":4},"end":{"line":270,"column":5}}],"line":266},"23":{"loc":{"start":{"line":268,"column":11},"end":{"line":270,"column":5}},"type":"if","locations":[{"start":{"line":268,"column":11},"end":{"line":270,"column":5}},{"start":{"line":268,"column":11},"end":{"line":270,"column":5}}],"line":268}},"s":{"0":3,"1":3,"2":3,"3":3,"4":3,"5":1,"6":1,"7":1,"8":1,"9":1,"10":3,"11":1,"12":1,"13":1,"14":1,"15":1,"16":1,"17":0,"18":1,"19":1,"20":0,"21":0,"22":0,"23":0,"24":0,"25":0,"26":0,"27":0,"28":0,"29":0,"30":1,"31":1,"32":1,"33":1,"34":3,"35":1,"36":1,"37":1,"38":3,"39":0,"40":0,"41":0,"42":3,"43":0,"44":0,"45":0,"46":0,"47":0,"48":0,"49":0,"50":0,"51":0,"52":0,"53":0,"54":0,"55":3,"56":0,"57":0,"58":0,"59":0,"60":0,"61":3,"62":0,"63":0,"64":0,"65":0,"66":0,"67":0,"68":0,"69":0,"70":0,"71":0,"72":0,"73":0,"74":0,"75":0,"76":0,"77":0,"78":0,"79":0,"80":0,"81":0,"82":0,"83":0,"84":0,"85":0,"86":0,"87":0,"88":0,"89":0,"90":3,"91":0,"92":0,"93":0,"94":0,"95":0,"96":0,"97":0,"98":0,"99":0,"100":0,"101":0,"102":0,"103":0,"104":0,"105":0,"106":3,"107":0,"108":0,"109":0,"110":0,"111":0,"112":0,"113":0,"114":0,"115":0,"116":0,"117":0,"118":0,"119":0,"120":0,"121":0,"122":0,"123":0,"124":0,"125":0,"126":0,"127":0,"128":0,"129":0,"130":0,"131":0,"132":0,"133":0,"134":0,"135":0,"136":0,"137":0,"138":0,"139":0,"140":0,"141":0,"142":0,"143":0,"144":0,"145":0,"146":0,"147":0,"148":0,"149":0,"150":0,"151":0,"152":0,"153":0,"154":3,"155":0,"156":0,"157":3},"f":{"0":1,"1":1,"2":1,"3":1,"4":0,"5":0,"6":0,"7":0,"8":0,"9":0,"10":0,"11":0,"12":0},"b":{"0":[1,0],"1":[0,0],"2":[0,0],"3":[0,0],"4":[1,0],"5":[0,0],"6":[0,0],"7":[0,0],"8":[0,0],"9":[0,0],"10":[0,0],"11":[0,0],"12":[0,0],"13":[0,0],"14":[0,0],"15":[0,0],"16":[0,0],"17":[0,0],"18":[0,0],"19":[0,0],"20":[0,0],"21":[0,0],"22":[0,0],"23":[0,0]},"_coverageSchema":"1a1c01bbd47fc00a2c39e90264f33305004495a9","hash":"d880afac4817c7ce8ed5f8f6cef22d9f8a04d04b"}
,"D:\\SQA\\SQA Project\\Implementation\\Source Code\\controller\\transactionController.js": {"path":"D:\\SQA\\SQA Project\\Implementation\\Source Code\\controller\\transactionController.js","statementMap":{"0":{"start":{"line":1,"column":14},"end":{"line":1,"column":32}},"1":{"start":{"line":2,"column":13},"end":{"line":2,"column":29}},"2":{"start":{"line":3,"column":15},"end":{"line":3,"column":42}},"3":{"start":{"line":4,"column":15},"end":{"line":4,"column":37}},"4":{"start":{"line":6,"column":0},"end":{"line":36,"column":2}},"5":{"start":{"line":7,"column":4},"end":{"line":35,"column":8}},"6":{"start":{"line":8,"column":21},"end":{"line":8,"column":23}},"7":{"start":{"line":9,"column":23},"end":{"line":9,"column":88}},"8":{"start":{"line":10,"column":18},"end":{"line":10,"column":19}},"9":{"start":{"line":11,"column":8},"end":{"line":30,"column":10}},"10":{"start":{"line":12,"column":23},"end":{"line":12,"column":52}},"11":{"start":{"line":13,"column":33},"end":{"line":14,"column":87}},"12":{"start":{"line":16,"column":12},"end":{"line":28,"column":23}},"13":{"start":{"line":29,"column":12},"end":{"line":29,"column":17}},"14":{"start":{"line":31,"column":20},"end":{"line":31,"column":34}},"15":{"start":{"line":32,"column":8},"end":{"line":32,"column":45}},"16":{"start":{"line":33,"column":8},"end":{"line":33,"column":54}},"17":{"start":{"line":34,"column":8},"end":{"line":34,"column":34}},"18":{"start":{"line":38,"column":0},"end":{"line":52,"column":2}},"19":{"start":{"line":39,"column":4},"end":{"line":51,"column":8}},"20":{"start":{"line":40,"column":20},"end":{"line":47,"column":9}},"21":{"start":{"line":48,"column":8},"end":{"line":48,"column":45}},"22":{"start":{"line":49,"column":8},"end":{"line":49,"column":53}},"23":{"start":{"line":50,"column":8},"end":{"line":50,"column":34}},"24":{"start":{"line":54,"column":0},"end":{"line":88,"column":2}},"25":{"start":{"line":55,"column":4},"end":{"line":87,"column":8}},"26":{"start":{"line":56,"column":20},"end":{"line":63,"column":9}},"27":{"start":{"line":65,"column":29},"end":{"line":74,"column":9}},"28":{"start":{"line":75,"column":8},"end":{"line":80,"column":9}},"29":{"start":{"line":76,"column":12},"end":{"line":76,"column":86}},"30":{"start":{"line":78,"column":12},"end":{"line":78,"column":28}},"31":{"start":{"line":79,"column":12},"end":{"line":79,"column":50}},"32":{"start":{"line":83,"column":8},"end":{"line":83,"column":45}},"33":{"start":{"line":84,"column":8},"end":{"line":84,"column":53}},"34":{"start":{"line":85,"column":8},"end":{"line":85,"column":34}},"35":{"start":{"line":90,"column":0},"end":{"line":116,"column":2}},"36":{"start":{"line":91,"column":4},"end":{"line":115,"column":8}},"37":{"start":{"line":92,"column":18},"end":{"line":92,"column":59}},"38":{"start":{"line":93,"column":20},"end":{"line":93,"column":34}},"39":{"start":{"line":94,"column":8},"end":{"line":94,"column":21}},"40":{"start":{"line":95,"column":8},"end":{"line":99,"column":9}},"41":{"start":{"line":96,"column":12},"end":{"line":96,"column":84}},"42":{"start":{"line":98,"column":12},"end":{"line":98,"column":32}},"43":{"start":{"line":100,"column":8},"end":{"line":103,"column":9}},"44":{"start":{"line":101,"column":12},"end":{"line":101,"column":98}},"45":{"start":{"line":102,"column":12},"end":{"line":102,"column":19}},"46":{"start":{"line":104,"column":20},"end":{"line":111,"column":9}},"47":{"start":{"line":112,"column":8},"end":{"line":112,"column":45}},"48":{"start":{"line":113,"column":8},"end":{"line":113,"column":54}},"49":{"start":{"line":114,"column":8},"end":{"line":114,"column":34}},"50":{"start":{"line":118,"column":0},"end":{"line":162,"column":2}},"51":{"start":{"line":119,"column":4},"end":{"line":161,"column":8}},"52":{"start":{"line":120,"column":22},"end":{"line":120,"column":26}},"53":{"start":{"line":121,"column":18},"end":{"line":121,"column":59}},"54":{"start":{"line":122,"column":20},"end":{"line":122,"column":34}},"55":{"start":{"line":123,"column":8},"end":{"line":123,"column":21}},"56":{"start":{"line":124,"column":8},"end":{"line":128,"column":9}},"57":{"start":{"line":125,"column":12},"end":{"line":125,"column":84}},"58":{"start":{"line":127,"column":12},"end":{"line":127,"column":32}},"59":{"start":{"line":129,"column":8},"end":{"line":132,"column":9}},"60":{"start":{"line":130,"column":12},"end":{"line":130,"column":98}},"61":{"start":{"line":131,"column":12},"end":{"line":131,"column":19}},"62":{"start":{"line":134,"column":20},"end":{"line":141,"column":9}},"63":{"start":{"line":143,"column":8},"end":{"line":143,"column":53}},"64":{"start":{"line":144,"column":8},"end":{"line":144,"column":55}},"65":{"start":{"line":145,"column":8},"end":{"line":145,"column":47}},"66":{"start":{"line":146,"column":8},"end":{"line":146,"column":51}},"67":{"start":{"line":147,"column":8},"end":{"line":147,"column":42}},"68":{"start":{"line":149,"column":8},"end":{"line":157,"column":9}},"69":{"start":{"line":150,"column":12},"end":{"line":156,"column":13}},"70":{"start":{"line":151,"column":26},"end":{"line":151,"column":109}},"71":{"start":{"line":153,"column":16},"end":{"line":153,"column":32}},"72":{"start":{"line":154,"column":16},"end":{"line":154,"column":49}},"73":{"start":{"line":155,"column":16},"end":{"line":155,"column":23}},"74":{"start":{"line":158,"column":8},"end":{"line":158,"column":45}},"75":{"start":{"line":159,"column":8},"end":{"line":159,"column":54}},"76":{"start":{"line":160,"column":8},"end":{"line":160,"column":34}},"77":{"start":{"line":164,"column":0},"end":{"line":177,"column":2}},"78":{"start":{"line":165,"column":4},"end":{"line":176,"column":8}},"79":{"start":{"line":166,"column":18},"end":{"line":166,"column":59}},"80":{"start":{"line":167,"column":20},"end":{"line":167,"column":34}},"81":{"start":{"line":168,"column":8},"end":{"line":168,"column":21}},"82":{"start":{"line":169,"column":8},"end":{"line":174,"column":9}},"83":{"start":{"line":170,"column":12},"end":{"line":170,"column":86}},"84":{"start":{"line":172,"column":12},"end":{"line":172,"column":38}},"85":{"start":{"line":173,"column":12},"end":{"line":173,"column":19}},"86":{"start":{"line":175,"column":8},"end":{"line":175,"column":46}},"87":{"start":{"line":179,"column":0},"end":{"line":231,"column":2}},"88":{"start":{"line":180,"column":4},"end":{"line":230,"column":8}},"89":{"start":{"line":181,"column":18},"end":{"line":181,"column":38}},"90":{"start":{"line":182,"column":18},"end":{"line":182,"column":35}},"91":{"start":{"line":183,"column":20},"end":{"line":183,"column":34}},"92":{"start":{"line":184,"column":22},"end":{"line":184,"column":26}},"93":{"start":{"line":185,"column":8},"end":{"line":189,"column":9}},"94":{"start":{"line":186,"column":12},"end":{"line":186,"column":82}},"95":{"start":{"line":188,"column":12},"end":{"line":188,"column":33}},"96":{"start":{"line":190,"column":20},"end":{"line":190,"column":57}},"97":{"start":{"line":191,"column":21},"end":{"line":191,"column":25}},"98":{"start":{"line":192,"column":21},"end":{"line":192,"column":23}},"99":{"start":{"line":193,"column":8},"end":{"line":197,"column":9}},"100":{"start":{"line":194,"column":12},"end":{"line":194,"column":91}},"101":{"start":{"line":196,"column":12},"end":{"line":196,"column":33}},"102":{"start":{"line":199,"column":8},"end":{"line":201,"column":9}},"103":{"start":{"line":200,"column":12},"end":{"line":200,"column":61}},"104":{"start":{"line":203,"column":18},"end":{"line":203,"column":19}},"105":{"start":{"line":204,"column":8},"end":{"line":221,"column":10}},"106":{"start":{"line":205,"column":23},"end":{"line":205,"column":52}},"107":{"start":{"line":206,"column":33},"end":{"line":207,"column":87}},"108":{"start":{"line":209,"column":12},"end":{"line":219,"column":23}},"109":{"start":{"line":220,"column":12},"end":{"line":220,"column":17}},"110":{"start":{"line":222,"column":20},"end":{"line":226,"column":9}},"111":{"start":{"line":227,"column":8},"end":{"line":227,"column":45}},"112":{"start":{"line":228,"column":8},"end":{"line":228,"column":54}},"113":{"start":{"line":229,"column":8},"end":{"line":229,"column":34}},"114":{"start":{"line":233,"column":0},"end":{"line":252,"column":2}},"115":{"start":{"line":234,"column":14},"end":{"line":234,"column":34}},"116":{"start":{"line":235,"column":14},"end":{"line":235,"column":31}},"117":{"start":{"line":236,"column":16},"end":{"line":236,"column":30}},"118":{"start":{"line":237,"column":18},"end":{"line":237,"column":22}},"119":{"start":{"line":238,"column":4},"end":{"line":242,"column":5}},"120":{"start":{"line":239,"column":8},"end":{"line":239,"column":78}},"121":{"start":{"line":241,"column":8},"end":{"line":241,"column":29}},"122":{"start":{"line":243,"column":16},"end":{"line":248,"column":5}},"123":{"start":{"line":249,"column":4},"end":{"line":249,"column":41}},"124":{"start":{"line":250,"column":4},"end":{"line":250,"column":47}},"125":{"start":{"line":251,"column":4},"end":{"line":251,"column":30}},"126":{"start":{"line":254,"column":0},"end":{"line":327,"column":2}},"127":{"start":{"line":255,"column":18},"end":{"line":255,"column":38}},"128":{"start":{"line":256,"column":14},"end":{"line":256,"column":35}},"129":{"start":{"line":257,"column":25},"end":{"line":257,"column":38}},"130":{"start":{"line":258,"column":16},"end":{"line":258,"column":20}},"131":{"start":{"line":259,"column":19},"end":{"line":259,"column":23}},"132":{"start":{"line":260,"column":18},"end":{"line":260,"column":22}},"133":{"start":{"line":262,"column":4},"end":{"line":267,"column":5}},"134":{"start":{"line":263,"column":8},"end":{"line":263,"column":85}},"135":{"start":{"line":264,"column":8},"end":{"line":264,"column":102}},"136":{"start":{"line":266,"column":8},"end":{"line":266,"column":29}},"137":{"start":{"line":269,"column":16},"end":{"line":274,"column":5}},"138":{"start":{"line":276,"column":4},"end":{"line":280,"column":5}},"139":{"start":{"line":277,"column":8},"end":{"line":277,"column":39}},"140":{"start":{"line":278,"column":8},"end":{"line":278,"column":23}},"141":{"start":{"line":279,"column":8},"end":{"line":279,"column":14}},"142":{"start":{"line":282,"column":4},"end":{"line":288,"column":5}},"143":{"start":{"line":283,"column":8},"end":{"line":283,"column":64}},"144":{"start":{"line":284,"column":8},"end":{"line":284,"column":15}},"145":{"start":{"line":285,"column":11},"end":{"line":288,"column":5}},"146":{"start":{"line":286,"column":8},"end":{"line":286,"column":76}},"147":{"start":{"line":287,"column":8},"end":{"line":287,"column":15}},"148":{"start":{"line":290,"column":17},"end":{"line":290,"column":44}},"149":{"start":{"line":291,"column":23},"end":{"line":291,"column":51}},"150":{"start":{"line":292,"column":26},"end":{"line":292,"column":57}},"151":{"start":{"line":294,"column":4},"end":{"line":297,"column":5}},"152":{"start":{"line":295,"column":8},"end":{"line":295,"column":40}},"153":{"start":{"line":296,"column":8},"end":{"line":296,"column":24}},"154":{"start":{"line":299,"column":4},"end":{"line":302,"column":5}},"155":{"start":{"line":300,"column":8},"end":{"line":300,"column":55}},"156":{"start":{"line":301,"column":8},"end":{"line":301,"column":49}},"157":{"start":{"line":304,"column":25},"end":{"line":313,"column":5}},"158":{"start":{"line":315,"column":4},"end":{"line":322,"column":5}},"159":{"start":{"line":316,"column":8},"end":{"line":316,"column":82}},"160":{"start":{"line":317,"column":8},"end":{"line":317,"column":95}},"161":{"start":{"line":318,"column":8},"end":{"line":318,"column":112}},"162":{"start":{"line":320,"column":8},"end":{"line":320,"column":24}},"163":{"start":{"line":321,"column":8},"end":{"line":321,"column":46}},"164":{"start":{"line":324,"column":4},"end":{"line":324,"column":42}},"165":{"start":{"line":325,"column":4},"end":{"line":325,"column":47}},"166":{"start":{"line":326,"column":4},"end":{"line":326,"column":30}},"167":{"start":{"line":329,"column":0},"end":{"line":329,"column":23}}},"fnMap":{"0":{"name":"(anonymous_0)","decl":{"start":{"line":6,"column":32},"end":{"line":6,"column":33}},"loc":{"start":{"line":6,"column":51},"end":{"line":36,"column":1}},"line":6},"1":{"name":"(anonymous_1)","decl":{"start":{"line":7,"column":5},"end":{"line":7,"column":6}},"loc":{"start":{"line":7,"column":22},"end":{"line":35,"column":5}},"line":7},"2":{"name":"(anonymous_2)","decl":{"start":{"line":11,"column":23},"end":{"line":11,"column":24}},"loc":{"start":{"line":11,"column":45},"end":{"line":30,"column":9}},"line":11},"3":{"name":"(anonymous_3)","decl":{"start":{"line":38,"column":34},"end":{"line":38,"column":35}},"loc":{"start":{"line":38,"column":53},"end":{"line":52,"column":1}},"line":38},"4":{"name":"(anonymous_4)","decl":{"start":{"line":39,"column":5},"end":{"line":39,"column":6}},"loc":{"start":{"line":39,"column":22},"end":{"line":51,"column":5}},"line":39},"5":{"name":"(anonymous_5)","decl":{"start":{"line":54,"column":35},"end":{"line":54,"column":36}},"loc":{"start":{"line":54,"column":54},"end":{"line":88,"column":1}},"line":54},"6":{"name":"(anonymous_6)","decl":{"start":{"line":55,"column":5},"end":{"line":55,"column":6}},"loc":{"start":{"line":55,"column":22},"end":{"line":87,"column":5}},"line":55},"7":{"name":"(anonymous_7)","decl":{"start":{"line":90,"column":47},"end":{"line":90,"column":48}},"loc":{"start":{"line":90,"column":66},"end":{"line":116,"column":1}},"line":90},"8":{"name":"(anonymous_8)","decl":{"start":{"line":91,"column":5},"end":{"line":91,"column":6}},"loc":{"start":{"line":91,"column":22},"end":{"line":115,"column":5}},"line":91},"9":{"name":"(anonymous_9)","decl":{"start":{"line":118,"column":48},"end":{"line":118,"column":49}},"loc":{"start":{"line":118,"column":67},"end":{"line":162,"column":1}},"line":118},"10":{"name":"(anonymous_10)","decl":{"start":{"line":119,"column":5},"end":{"line":119,"column":6}},"loc":{"start":{"line":119,"column":22},"end":{"line":161,"column":5}},"line":119},"11":{"name":"(anonymous_11)","decl":{"start":{"line":164,"column":49},"end":{"line":164,"column":50}},"loc":{"start":{"line":164,"column":68},"end":{"line":177,"column":1}},"line":164},"12":{"name":"(anonymous_12)","decl":{"start":{"line":165,"column":5},"end":{"line":165,"column":6}},"loc":{"start":{"line":165,"column":22},"end":{"line":176,"column":5}},"line":165},"13":{"name":"(anonymous_13)","decl":{"start":{"line":179,"column":34},"end":{"line":179,"column":35}},"loc":{"start":{"line":179,"column":53},"end":{"line":231,"column":1}},"line":179},"14":{"name":"(anonymous_14)","decl":{"start":{"line":180,"column":5},"end":{"line":180,"column":6}},"loc":{"start":{"line":180,"column":22},"end":{"line":230,"column":5}},"line":180},"15":{"name":"(anonymous_15)","decl":{"start":{"line":204,"column":23},"end":{"line":204,"column":24}},"loc":{"start":{"line":204,"column":45},"end":{"line":221,"column":9}},"line":204},"16":{"name":"(anonymous_16)","decl":{"start":{"line":233,"column":29},"end":{"line":233,"column":30}},"loc":{"start":{"line":233,"column":54},"end":{"line":252,"column":1}},"line":233},"17":{"name":"(anonymous_17)","decl":{"start":{"line":254,"column":30},"end":{"line":254,"column":31}},"loc":{"start":{"line":254,"column":55},"end":{"line":327,"column":1}},"line":254}},"branchMap":{"0":{"loc":{"start":{"line":100,"column":8},"end":{"line":103,"column":9}},"type":"if","locations":[{"start":{"line":100,"column":8},"end":{"line":103,"column":9}},{"start":{"line":100,"column":8},"end":{"line":103,"column":9}}],"line":100},"1":{"loc":{"start":{"line":129,"column":8},"end":{"line":132,"column":9}},"type":"if","locations":[{"start":{"line":129,"column":8},"end":{"line":132,"column":9}},{"start":{"line":129,"column":8},"end":{"line":132,"column":9}}],"line":129},"2":{"loc":{"start":{"line":149,"column":8},"end":{"line":157,"column":9}},"type":"if","locations":[{"start":{"line":149,"column":8},"end":{"line":157,"column":9}},{"start":{"line":149,"column":8},"end":{"line":157,"column":9}}],"line":149},"3":{"loc":{"start":{"line":199,"column":8},"end":{"line":201,"column":9}},"type":"if","locations":[{"start":{"line":199,"column":8},"end":{"line":201,"column":9}},{"start":{"line":199,"column":8},"end":{"line":201,"column":9}}],"line":199},"4":{"loc":{"start":{"line":276,"column":4},"end":{"line":280,"column":5}},"type":"if","locations":[{"start":{"line":276,"column":4},"end":{"line":280,"column":5}},{"start":{"line":276,"column":4},"end":{"line":280,"column":5}}],"line":276},"5":{"loc":{"start":{"line":282,"column":4},"end":{"line":288,"column":5}},"type":"if","locations":[{"start":{"line":282,"column":4},"end":{"line":288,"column":5}},{"start":{"line":282,"column":4},"end":{"line":288,"column":5}}],"line":282},"6":{"loc":{"start":{"line":285,"column":11},"end":{"line":288,"column":5}},"type":"if","locations":[{"start":{"line":285,"column":11},"end":{"line":288,"column":5}},{"start":{"line":285,"column":11},"end":{"line":288,"column":5}}],"line":285},"7":{"loc":{"start":{"line":294,"column":4},"end":{"line":297,"column":5}},"type":"if","locations":[{"start":{"line":294,"column":4},"end":{"line":297,"column":5}},{"start":{"line":294,"column":4},"end":{"line":297,"column":5}}],"line":294},"8":{"loc":{"start":{"line":299,"column":4},"end":{"line":302,"column":5}},"type":"if","locations":[{"start":{"line":299,"column":4},"end":{"line":302,"column":5}},{"start":{"line":299,"column":4},"end":{"line":302,"column":5}}],"line":299}},"s":{"0":3,"1":3,"2":3,"3":3,"4":3,"5":0,"6":0,"7":0,"8":0,"9":0,"10":0,"11":0,"12":0,"13":0,"14":0,"15":0,"16":0,"17":0,"18":3,"19":0,"20":0,"21":0,"22":0,"23":0,"24":3,"25":0,"26":0,"27":0,"28":0,"29":0,"30":0,"31":0,"32":0,"33":0,"34":0,"35":3,"36":0,"37":0,"38":0,"39":0,"40":0,"41":0,"42":0,"43":0,"44":0,"45":0,"46":0,"47":0,"48":0,"49":0,"50":3,"51":0,"52":0,"53":0,"54":0,"55":0,"56":0,"57":0,"58":0,"59":0,"60":0,"61":0,"62":0,"63":0,"64":0,"65":0,"66":0,"67":0,"68":0,"69":0,"70":0,"71":0,"72":0,"73":0,"74":0,"75":0,"76":0,"77":3,"78":0,"79":0,"80":0,"81":0,"82":0,"83":0,"84":0,"85":0,"86":0,"87":3,"88":0,"89":0,"90":0,"91":0,"92":0,"93":0,"94":0,"95":0,"96":0,"97":0,"98":0,"99":0,"100":0,"101":0,"102":0,"103":0,"104":0,"105":0,"106":0,"107":0,"108":0,"109":0,"110":0,"111":0,"112":0,"113":0,"114":3,"115":0,"116":0,"117":0,"118":0,"119":0,"120":0,"121":0,"122":0,"123":0,"124":0,"125":0,"126":3,"127":0,"128":0,"129":0,"130":0,"131":0,"132":0,"133":0,"134":0,"135":0,"136":0,"137":0,"138":0,"139":0,"140":0,"141":0,"142":0,"143":0,"144":0,"145":0,"146":0,"147":0,"148":0,"149":0,"150":0,"151":0,"152":0,"153":0,"154":0,"155":0,"156":0,"157":0,"158":0,"159":0,"160":0,"161":0,"162":0,"163":0,"164":0,"165":0,"166":0,"167":3},"f":{"0":0,"1":0,"2":0,"3":0,"4":0,"5":0,"6":0,"7":0,"8":0,"9":0,"10":0,"11":0,"12":0,"13":0,"14":0,"15":0,"16":0,"17":0},"b":{"0":[0,0],"1":[0,0],"2":[0,0],"3":[0,0],"4":[0,0],"5":[0,0],"6":[0,0],"7":[0,0],"8":[0,0]},"_coverageSchema":"1a1c01bbd47fc00a2c39e90264f33305004495a9","hash":"e259ae97f661e6c8c111ae74daae7c44034f958b"}
}
